{"/home/ahmed/food-delivery-system-CloudComputing/services/payment-service/src/app.js": {"path":"/home/ahmed/food-delivery-system-CloudComputing/services/payment-service/src/app.js","statementMap":{"0":{"start":{"line":7,"column":12},"end":{"line":7,"column":21}},"1":{"start":{"line":10,"column":0},"end":{"line":10,"column":16}},"2":{"start":{"line":11,"column":0},"end":{"line":11,"column":24}},"3":{"start":{"line":14,"column":0},"end":{"line":16,"column":3}},"4":{"start":{"line":15,"column":2},"end":{"line":15,"column":57}},"5":{"start":{"line":18,"column":0},"end":{"line":18,"column":40}},"6":{"start":{"line":22,"column":0},"end":{"line":26,"column":3}},"7":{"start":{"line":23,"column":2},"end":{"line":23,"column":40}},"8":{"start":{"line":24,"column":17},"end":{"line":24,"column":52}},"9":{"start":{"line":25,"column":2},"end":{"line":25,"column":77}}},"fnMap":{"0":{"name":"(anonymous_0)","decl":{"start":{"line":14,"column":19},"end":{"line":14,"column":20}},"loc":{"start":{"line":14,"column":34},"end":{"line":16,"column":1}},"line":14},"1":{"name":"(anonymous_1)","decl":{"start":{"line":22,"column":8},"end":{"line":22,"column":9}},"loc":{"start":{"line":22,"column":35},"end":{"line":26,"column":1}},"line":22}},"branchMap":{"0":{"loc":{"start":{"line":24,"column":17},"end":{"line":24,"column":52}},"type":"binary-expr","locations":[{"start":{"line":24,"column":17},"end":{"line":24,"column":27}},{"start":{"line":24,"column":31},"end":{"line":24,"column":45}},{"start":{"line":24,"column":49},"end":{"line":24,"column":52}}],"line":24},"1":{"loc":{"start":{"line":25,"column":35},"end":{"line":25,"column":73}},"type":"binary-expr","locations":[{"start":{"line":25,"column":35},"end":{"line":25,"column":46}},{"start":{"line":25,"column":50},"end":{"line":25,"column":73}}],"line":25}},"s":{"0":1,"1":1,"2":1,"3":1,"4":1,"5":1,"6":1,"7":0,"8":0,"9":0},"f":{"0":1,"1":0},"b":{"0":[0,0,0],"1":[0,0]},"inputSourceMap":null,"_coverageSchema":"1a1c01bbd47fc00a2c39e90264f33305004495a9","hash":"8f92c328f97d8bf46304d4c11767ff21a64f4379"}
,"/home/ahmed/food-delivery-system-CloudComputing/services/payment-service/src/config.js": {"path":"/home/ahmed/food-delivery-system-CloudComputing/services/payment-service/src/config.js","statementMap":{"0":{"start":{"line":2,"column":15},"end":{"line":13,"column":1}}},"fnMap":{},"branchMap":{"0":{"loc":{"start":{"line":3,"column":17},"end":{"line":3,"column":43}},"type":"binary-expr","locations":[{"start":{"line":3,"column":17},"end":{"line":3,"column":33}},{"start":{"line":3,"column":37},"end":{"line":3,"column":43}}],"line":3},"1":{"loc":{"start":{"line":4,"column":11},"end":{"line":4,"column":48}},"type":"binary-expr","locations":[{"start":{"line":4,"column":11},"end":{"line":4,"column":31}},{"start":{"line":4,"column":35},"end":{"line":4,"column":48}}],"line":4},"2":{"loc":{"start":{"line":7,"column":10},"end":{"line":7,"column":44}},"type":"binary-expr","locations":[{"start":{"line":7,"column":10},"end":{"line":7,"column":29}},{"start":{"line":7,"column":33},"end":{"line":7,"column":44}}],"line":7},"3":{"loc":{"start":{"line":8,"column":19},"end":{"line":8,"column":48}},"type":"binary-expr","locations":[{"start":{"line":8,"column":19},"end":{"line":8,"column":38}},{"start":{"line":8,"column":42},"end":{"line":8,"column":48}}],"line":8},"4":{"loc":{"start":{"line":9,"column":10},"end":{"line":9,"column":43}},"type":"binary-expr","locations":[{"start":{"line":9,"column":10},"end":{"line":9,"column":29}},{"start":{"line":9,"column":33},"end":{"line":9,"column":43}}],"line":9},"5":{"loc":{"start":{"line":10,"column":14},"end":{"line":10,"column":51}},"type":"binary-expr","locations":[{"start":{"line":10,"column":14},"end":{"line":10,"column":37}},{"start":{"line":10,"column":41},"end":{"line":10,"column":51}}],"line":10},"6":{"loc":{"start":{"line":11,"column":14},"end":{"line":11,"column":52}},"type":"binary-expr","locations":[{"start":{"line":11,"column":14},"end":{"line":11,"column":33}},{"start":{"line":11,"column":37},"end":{"line":11,"column":52}}],"line":11}},"s":{"0":0},"f":{},"b":{"0":[0,0],"1":[0,0],"2":[0,0],"3":[0,0],"4":[0,0],"5":[0,0],"6":[0,0]},"inputSourceMap":null}
,"/home/ahmed/food-delivery-system-CloudComputing/services/payment-service/src/db.js": {"path":"/home/ahmed/food-delivery-system-CloudComputing/services/payment-service/src/db.js","statementMap":{"0":{"start":{"line":6,"column":13},"end":{"line":14,"column":2}},"1":{"start":{"line":16,"column":0},"end":{"line":18,"column":3}},"2":{"start":{"line":17,"column":2},"end":{"line":17,"column":60}}},"fnMap":{"0":{"name":"(anonymous_0)","decl":{"start":{"line":16,"column":17},"end":{"line":16,"column":18}},"loc":{"start":{"line":16,"column":26},"end":{"line":18,"column":1}},"line":16}},"branchMap":{},"s":{"0":0,"1":0,"2":0},"f":{"0":0},"b":{},"inputSourceMap":null}
,"/home/ahmed/food-delivery-system-CloudComputing/services/payment-service/src/rabbitmq.js": {"path":"/home/ahmed/food-delivery-system-CloudComputing/services/payment-service/src/rabbitmq.js","statementMap":{"0":{"start":{"line":4,"column":14},"end":{"line":4,"column":18}},"1":{"start":{"line":5,"column":17},"end":{"line":5,"column":21}},"2":{"start":{"line":7,"column":20},"end":{"line":7,"column":22}},"3":{"start":{"line":8,"column":25},"end":{"line":8,"column":29}},"4":{"start":{"line":9,"column":21},"end":{"line":9,"column":26}},"5":{"start":{"line":12,"column":21},"end":{"line":12,"column":40}},"6":{"start":{"line":13,"column":17},"end":{"line":13,"column":37}},"7":{"start":{"line":14,"column":19},"end":{"line":14,"column":34}},"8":{"start":{"line":20,"column":21},"end":{"line":30,"column":1}},"9":{"start":{"line":21,"column":2},"end":{"line":23,"column":3}},"10":{"start":{"line":22,"column":4},"end":{"line":22,"column":36}},"11":{"start":{"line":24,"column":15},"end":{"line":24,"column":59}},"12":{"start":{"line":25,"column":15},"end":{"line":25,"column":59}},"13":{"start":{"line":26,"column":15},"end":{"line":28,"column":25}},"14":{"start":{"line":29,"column":2},"end":{"line":29,"column":42}},"15":{"start":{"line":39,"column":31},"end":{"line":124,"column":1}},"16":{"start":{"line":40,"column":2},"end":{"line":123,"column":3}},"17":{"start":{"line":41,"column":23},"end":{"line":41,"column":37}},"18":{"start":{"line":42,"column":4},"end":{"line":42,"column":48}},"19":{"start":{"line":43,"column":4},"end":{"line":43,"column":47}},"20":{"start":{"line":46,"column":4},"end":{"line":46,"column":76}},"21":{"start":{"line":47,"column":4},"end":{"line":47,"column":59}},"22":{"start":{"line":48,"column":4},"end":{"line":48,"column":56}},"23":{"start":{"line":51,"column":4},"end":{"line":56,"column":7}},"24":{"start":{"line":58,"column":4},"end":{"line":58,"column":84}},"25":{"start":{"line":61,"column":4},"end":{"line":98,"column":7}},"26":{"start":{"line":62,"column":6},"end":{"line":97,"column":7}},"27":{"start":{"line":63,"column":8},"end":{"line":96,"column":9}},"28":{"start":{"line":64,"column":23},"end":{"line":64,"column":61}},"29":{"start":{"line":65,"column":56},"end":{"line":65,"column":60}},"30":{"start":{"line":67,"column":10},"end":{"line":72,"column":11}},"31":{"start":{"line":68,"column":12},"end":{"line":68,"column":94}},"32":{"start":{"line":70,"column":12},"end":{"line":70,"column":48}},"33":{"start":{"line":71,"column":12},"end":{"line":71,"column":19}},"34":{"start":{"line":74,"column":32},"end":{"line":74,"column":79}},"35":{"start":{"line":75,"column":32},"end":{"line":75,"column":97}},"36":{"start":{"line":76,"column":31},"end":{"line":76,"column":49}},"37":{"start":{"line":78,"column":10},"end":{"line":82,"column":11}},"38":{"start":{"line":79,"column":12},"end":{"line":79,"column":99}},"39":{"start":{"line":80,"column":12},"end":{"line":80,"column":48}},"40":{"start":{"line":81,"column":12},"end":{"line":81,"column":19}},"41":{"start":{"line":84,"column":10},"end":{"line":88,"column":12}},"42":{"start":{"line":89,"column":10},"end":{"line":89,"column":83}},"43":{"start":{"line":91,"column":10},"end":{"line":91,"column":31}},"44":{"start":{"line":93,"column":10},"end":{"line":93,"column":84}},"45":{"start":{"line":95,"column":10},"end":{"line":95,"column":46}},"46":{"start":{"line":101,"column":4},"end":{"line":108,"column":7}},"47":{"start":{"line":102,"column":6},"end":{"line":107,"column":7}},"48":{"start":{"line":103,"column":8},"end":{"line":103,"column":85}},"49":{"start":{"line":104,"column":8},"end":{"line":104,"column":23}},"50":{"start":{"line":105,"column":8},"end":{"line":105,"column":26}},"51":{"start":{"line":106,"column":8},"end":{"line":106,"column":63}},"52":{"start":{"line":106,"column":25},"end":{"line":106,"column":43}},"53":{"start":{"line":110,"column":4},"end":{"line":112,"column":7}},"54":{"start":{"line":111,"column":6},"end":{"line":111,"column":81}},"55":{"start":{"line":114,"column":4},"end":{"line":114,"column":19}},"56":{"start":{"line":115,"column":4},"end":{"line":115,"column":22}},"57":{"start":{"line":116,"column":4},"end":{"line":121,"column":5}},"58":{"start":{"line":117,"column":20},"end":{"line":117,"column":87}},"59":{"start":{"line":118,"column":6},"end":{"line":118,"column":141}},"60":{"start":{"line":119,"column":6},"end":{"line":119,"column":65}},"61":{"start":{"line":119,"column":37},"end":{"line":119,"column":63}},"62":{"start":{"line":120,"column":6},"end":{"line":120,"column":42}},"63":{"start":{"line":122,"column":4},"end":{"line":122,"column":108}}},"fnMap":{"0":{"name":"(anonymous_0)","decl":{"start":{"line":20,"column":21},"end":{"line":20,"column":22}},"loc":{"start":{"line":20,"column":27},"end":{"line":30,"column":1}},"line":20},"1":{"name":"(anonymous_1)","decl":{"start":{"line":39,"column":31},"end":{"line":39,"column":32}},"loc":{"start":{"line":39,"column":54},"end":{"line":124,"column":1}},"line":39},"2":{"name":"(anonymous_2)","decl":{"start":{"line":61,"column":32},"end":{"line":61,"column":33}},"loc":{"start":{"line":61,"column":51},"end":{"line":98,"column":5}},"line":61},"3":{"name":"(anonymous_3)","decl":{"start":{"line":101,"column":27},"end":{"line":101,"column":28}},"loc":{"start":{"line":101,"column":36},"end":{"line":108,"column":5}},"line":101},"4":{"name":"(anonymous_4)","decl":{"start":{"line":106,"column":19},"end":{"line":106,"column":20}},"loc":{"start":{"line":106,"column":25},"end":{"line":106,"column":43}},"line":106},"5":{"name":"(anonymous_5)","decl":{"start":{"line":110,"column":27},"end":{"line":110,"column":28}},"loc":{"start":{"line":110,"column":36},"end":{"line":112,"column":5}},"line":110},"6":{"name":"(anonymous_6)","decl":{"start":{"line":119,"column":24},"end":{"line":119,"column":25}},"loc":{"start":{"line":119,"column":37},"end":{"line":119,"column":63}},"line":119}},"branchMap":{"0":{"loc":{"start":{"line":21,"column":2},"end":{"line":23,"column":3}},"type":"if","locations":[{"start":{"line":21,"column":2},"end":{"line":23,"column":3}},{"start":{},"end":{}}],"line":21},"1":{"loc":{"start":{"line":21,"column":6},"end":{"line":21,"column":72}},"type":"binary-expr","locations":[{"start":{"line":21,"column":6},"end":{"line":21,"column":30}},{"start":{"line":21,"column":34},"end":{"line":21,"column":72}}],"line":21},"2":{"loc":{"start":{"line":24,"column":15},"end":{"line":24,"column":59}},"type":"binary-expr","locations":[{"start":{"line":24,"column":15},"end":{"line":24,"column":48}},{"start":{"line":24,"column":52},"end":{"line":24,"column":59}}],"line":24},"3":{"loc":{"start":{"line":25,"column":15},"end":{"line":25,"column":59}},"type":"binary-expr","locations":[{"start":{"line":25,"column":15},"end":{"line":25,"column":48}},{"start":{"line":25,"column":52},"end":{"line":25,"column":59}}],"line":25},"4":{"loc":{"start":{"line":26,"column":16},"end":{"line":26,"column":67}},"type":"binary-expr","locations":[{"start":{"line":26,"column":16},"end":{"line":26,"column":40}},{"start":{"line":26,"column":44},"end":{"line":26,"column":67}}],"line":26},"5":{"loc":{"start":{"line":39,"column":38},"end":{"line":39,"column":49}},"type":"default-arg","locations":[{"start":{"line":39,"column":48},"end":{"line":39,"column":49}}],"line":39},"6":{"loc":{"start":{"line":62,"column":6},"end":{"line":97,"column":7}},"type":"if","locations":[{"start":{"line":62,"column":6},"end":{"line":97,"column":7}},{"start":{},"end":{}}],"line":62},"7":{"loc":{"start":{"line":67,"column":10},"end":{"line":72,"column":11}},"type":"if","locations":[{"start":{"line":67,"column":10},"end":{"line":72,"column":11}},{"start":{},"end":{}}],"line":67},"8":{"loc":{"start":{"line":67,"column":14},"end":{"line":67,"column":46}},"type":"binary-expr","locations":[{"start":{"line":67,"column":14},"end":{"line":67,"column":23}},{"start":{"line":67,"column":27},"end":{"line":67,"column":35}},{"start":{"line":67,"column":39},"end":{"line":67,"column":46}}],"line":67},"9":{"loc":{"start":{"line":75,"column":32},"end":{"line":75,"column":97}},"type":"cond-expr","locations":[{"start":{"line":75,"column":75},"end":{"line":75,"column":81}},{"start":{"line":75,"column":84},"end":{"line":75,"column":97}}],"line":75},"10":{"loc":{"start":{"line":75,"column":32},"end":{"line":75,"column":72}},"type":"binary-expr","locations":[{"start":{"line":75,"column":32},"end":{"line":75,"column":38}},{"start":{"line":75,"column":42},"end":{"line":75,"column":72}}],"line":75},"11":{"loc":{"start":{"line":78,"column":10},"end":{"line":82,"column":11}},"type":"if","locations":[{"start":{"line":78,"column":10},"end":{"line":82,"column":11}},{"start":{},"end":{}}],"line":78},"12":{"loc":{"start":{"line":78,"column":14},"end":{"line":78,"column":54}},"type":"binary-expr","locations":[{"start":{"line":78,"column":14},"end":{"line":78,"column":33}},{"start":{"line":78,"column":37},"end":{"line":78,"column":54}}],"line":78},"13":{"loc":{"start":{"line":102,"column":6},"end":{"line":107,"column":7}},"type":"if","locations":[{"start":{"line":102,"column":6},"end":{"line":107,"column":7}},{"start":{},"end":{}}],"line":102},"14":{"loc":{"start":{"line":116,"column":4},"end":{"line":121,"column":5}},"type":"if","locations":[{"start":{"line":116,"column":4},"end":{"line":121,"column":5}},{"start":{},"end":{}}],"line":116}},"s":{"0":0,"1":0,"2":0,"3":0,"4":0,"5":0,"6":0,"7":0,"8":0,"9":0,"10":0,"11":0,"12":0,"13":0,"14":0,"15":0,"16":0,"17":0,"18":0,"19":0,"20":0,"21":0,"22":0,"23":0,"24":0,"25":0,"26":0,"27":0,"28":0,"29":0,"30":0,"31":0,"32":0,"33":0,"34":0,"35":0,"36":0,"37":0,"38":0,"39":0,"40":0,"41":0,"42":0,"43":0,"44":0,"45":0,"46":0,"47":0,"48":0,"49":0,"50":0,"51":0,"52":0,"53":0,"54":0,"55":0,"56":0,"57":0,"58":0,"59":0,"60":0,"61":0,"62":0,"63":0},"f":{"0":0,"1":0,"2":0,"3":0,"4":0,"5":0,"6":0},"b":{"0":[0,0],"1":[0,0],"2":[0,0],"3":[0,0],"4":[0,0],"5":[0],"6":[0,0],"7":[0,0],"8":[0,0,0],"9":[0,0],"10":[0,0],"11":[0,0],"12":[0,0],"13":[0,0],"14":[0,0]},"inputSourceMap":null}
,"/home/ahmed/food-delivery-system-CloudComputing/services/payment-service/src/routes/payments.js": {"path":"/home/ahmed/food-delivery-system-CloudComputing/services/payment-service/src/routes/payments.js","statementMap":{"0":{"start":{"line":7,"column":15},"end":{"line":7,"column":31}},"1":{"start":{"line":10,"column":22},"end":{"line":10,"column":69}},"2":{"start":{"line":16,"column":0},"end":{"line":45,"column":3}},"3":{"start":{"line":17,"column":2},"end":{"line":44,"column":3}},"4":{"start":{"line":18,"column":50},"end":{"line":18,"column":58}},"5":{"start":{"line":20,"column":4},"end":{"line":22,"column":5}},"6":{"start":{"line":21,"column":6},"end":{"line":21,"column":91}},"7":{"start":{"line":25,"column":26},"end":{"line":25,"column":91}},"8":{"start":{"line":28,"column":25},"end":{"line":28,"column":43}},"9":{"start":{"line":29,"column":4},"end":{"line":31,"column":5}},"10":{"start":{"line":30,"column":6},"end":{"line":30,"column":81}},"11":{"start":{"line":34,"column":19},"end":{"line":39,"column":5}},"12":{"start":{"line":41,"column":4},"end":{"line":41,"column":58}},"13":{"start":{"line":43,"column":4},"end":{"line":43,"column":14}},"14":{"start":{"line":50,"column":0},"end":{"line":74,"column":3}},"15":{"start":{"line":51,"column":2},"end":{"line":73,"column":3}},"16":{"start":{"line":52,"column":20},"end":{"line":52,"column":52}},"17":{"start":{"line":53,"column":4},"end":{"line":55,"column":5}},"18":{"start":{"line":54,"column":6},"end":{"line":54,"column":65}},"19":{"start":{"line":57,"column":19},"end":{"line":64,"column":5}},"20":{"start":{"line":66,"column":4},"end":{"line":68,"column":5}},"21":{"start":{"line":67,"column":6},"end":{"line":67,"column":80}},"22":{"start":{"line":70,"column":4},"end":{"line":70,"column":46}},"23":{"start":{"line":72,"column":4},"end":{"line":72,"column":14}},"24":{"start":{"line":78,"column":0},"end":{"line":97,"column":3}},"25":{"start":{"line":79,"column":2},"end":{"line":96,"column":3}},"26":{"start":{"line":80,"column":19},"end":{"line":80,"column":50}},"27":{"start":{"line":81,"column":4},"end":{"line":83,"column":5}},"28":{"start":{"line":82,"column":6},"end":{"line":82,"column":64}},"29":{"start":{"line":85,"column":19},"end":{"line":91,"column":5}},"30":{"start":{"line":93,"column":4},"end":{"line":93,"column":44}},"31":{"start":{"line":95,"column":4},"end":{"line":95,"column":14}}},"fnMap":{"0":{"name":"(anonymous_0)","decl":{"start":{"line":16,"column":17},"end":{"line":16,"column":18}},"loc":{"start":{"line":16,"column":43},"end":{"line":45,"column":1}},"line":16},"1":{"name":"(anonymous_1)","decl":{"start":{"line":50,"column":30},"end":{"line":50,"column":31}},"loc":{"start":{"line":50,"column":56},"end":{"line":74,"column":1}},"line":50},"2":{"name":"(anonymous_2)","decl":{"start":{"line":78,"column":28},"end":{"line":78,"column":29}},"loc":{"start":{"line":78,"column":54},"end":{"line":97,"column":1}},"line":78}},"branchMap":{"0":{"loc":{"start":{"line":20,"column":4},"end":{"line":22,"column":5}},"type":"if","locations":[{"start":{"line":20,"column":4},"end":{"line":22,"column":5}},{"start":{},"end":{}}],"line":20},"1":{"loc":{"start":{"line":20,"column":8},"end":{"line":20,"column":40}},"type":"binary-expr","locations":[{"start":{"line":20,"column":8},"end":{"line":20,"column":17}},{"start":{"line":20,"column":21},"end":{"line":20,"column":29}},{"start":{"line":20,"column":33},"end":{"line":20,"column":40}}],"line":20},"2":{"loc":{"start":{"line":25,"column":26},"end":{"line":25,"column":91}},"type":"cond-expr","locations":[{"start":{"line":25,"column":69},"end":{"line":25,"column":75}},{"start":{"line":25,"column":78},"end":{"line":25,"column":91}}],"line":25},"3":{"loc":{"start":{"line":25,"column":26},"end":{"line":25,"column":66}},"type":"binary-expr","locations":[{"start":{"line":25,"column":26},"end":{"line":25,"column":32}},{"start":{"line":25,"column":36},"end":{"line":25,"column":66}}],"line":25},"4":{"loc":{"start":{"line":29,"column":4},"end":{"line":31,"column":5}},"type":"if","locations":[{"start":{"line":29,"column":4},"end":{"line":31,"column":5}},{"start":{},"end":{}}],"line":29},"5":{"loc":{"start":{"line":29,"column":8},"end":{"line":29,"column":48}},"type":"binary-expr","locations":[{"start":{"line":29,"column":8},"end":{"line":29,"column":27}},{"start":{"line":29,"column":31},"end":{"line":29,"column":48}}],"line":29},"6":{"loc":{"start":{"line":53,"column":4},"end":{"line":55,"column":5}},"type":"if","locations":[{"start":{"line":53,"column":4},"end":{"line":55,"column":5}},{"start":{},"end":{}}],"line":53},"7":{"loc":{"start":{"line":66,"column":4},"end":{"line":68,"column":5}},"type":"if","locations":[{"start":{"line":66,"column":4},"end":{"line":68,"column":5}},{"start":{},"end":{}}],"line":66},"8":{"loc":{"start":{"line":81,"column":4},"end":{"line":83,"column":5}},"type":"if","locations":[{"start":{"line":81,"column":4},"end":{"line":83,"column":5}},{"start":{},"end":{}}],"line":81}},"s":{"0":1,"1":1,"2":1,"3":8,"4":8,"5":8,"6":4,"7":4,"8":4,"9":4,"10":2,"11":2,"12":2,"13":0,"14":1,"15":3,"16":3,"17":3,"18":1,"19":2,"20":2,"21":1,"22":1,"23":0,"24":1,"25":2,"26":2,"27":2,"28":1,"29":1,"30":1,"31":0},"f":{"0":8,"1":3,"2":2},"b":{"0":[4,4],"1":[8,7,6],"2":[0,4],"3":[4,1],"4":[2,2],"5":[4,3],"6":[1,2],"7":[1,1],"8":[1,1]},"inputSourceMap":null,"_coverageSchema":"1a1c01bbd47fc00a2c39e90264f33305004495a9","hash":"e7ae9d39c735b8aba04d0641f1ccfcb049dd855d"}
}
