{"/home/ahmed/food-delivery-system-CloudComputing/services/user-service/src/app.js": {"path":"/home/ahmed/food-delivery-system-CloudComputing/services/user-service/src/app.js","statementMap":{"0":{"start":{"line":6,"column":12},"end":{"line":6,"column":21}},"1":{"start":{"line":9,"column":0},"end":{"line":9,"column":16}},"2":{"start":{"line":10,"column":0},"end":{"line":10,"column":24}},"3":{"start":{"line":13,"column":0},"end":{"line":15,"column":3}},"4":{"start":{"line":14,"column":2},"end":{"line":14,"column":54}},"5":{"start":{"line":17,"column":0},"end":{"line":17,"column":34}},"6":{"start":{"line":21,"column":0},"end":{"line":25,"column":3}},"7":{"start":{"line":22,"column":2},"end":{"line":22,"column":40}},"8":{"start":{"line":23,"column":17},"end":{"line":23,"column":52}},"9":{"start":{"line":24,"column":2},"end":{"line":24,"column":77}}},"fnMap":{"0":{"name":"(anonymous_0)","decl":{"start":{"line":13,"column":19},"end":{"line":13,"column":20}},"loc":{"start":{"line":13,"column":34},"end":{"line":15,"column":1}},"line":13},"1":{"name":"(anonymous_1)","decl":{"start":{"line":21,"column":8},"end":{"line":21,"column":9}},"loc":{"start":{"line":21,"column":35},"end":{"line":25,"column":1}},"line":21}},"branchMap":{"0":{"loc":{"start":{"line":23,"column":17},"end":{"line":23,"column":52}},"type":"binary-expr","locations":[{"start":{"line":23,"column":17},"end":{"line":23,"column":27}},{"start":{"line":23,"column":31},"end":{"line":23,"column":45}},{"start":{"line":23,"column":49},"end":{"line":23,"column":52}}],"line":23},"1":{"loc":{"start":{"line":24,"column":35},"end":{"line":24,"column":73}},"type":"binary-expr","locations":[{"start":{"line":24,"column":35},"end":{"line":24,"column":46}},{"start":{"line":24,"column":50},"end":{"line":24,"column":73}}],"line":24}},"s":{"0":1,"1":1,"2":1,"3":1,"4":1,"5":1,"6":1,"7":0,"8":0,"9":0},"f":{"0":1,"1":0},"b":{"0":[0,0,0],"1":[0,0]},"inputSourceMap":null,"_coverageSchema":"1a1c01bbd47fc00a2c39e90264f33305004495a9","hash":"8291ef5c9a16ad546035a778b9a77186d0dde86d"}
,"/home/ahmed/food-delivery-system-CloudComputing/services/user-service/src/config.js": {"path":"/home/ahmed/food-delivery-system-CloudComputing/services/user-service/src/config.js","statementMap":{"0":{"start":{"line":5,"column":15},"end":{"line":24,"column":1}}},"fnMap":{},"branchMap":{"0":{"loc":{"start":{"line":6,"column":17},"end":{"line":6,"column":43}},"type":"binary-expr","locations":[{"start":{"line":6,"column":17},"end":{"line":6,"column":33}},{"start":{"line":6,"column":37},"end":{"line":6,"column":43}}],"line":6},"1":{"loc":{"start":{"line":7,"column":11},"end":{"line":7,"column":48}},"type":"binary-expr","locations":[{"start":{"line":7,"column":11},"end":{"line":7,"column":31}},{"start":{"line":7,"column":35},"end":{"line":7,"column":48}}],"line":7},"2":{"loc":{"start":{"line":10,"column":10},"end":{"line":10,"column":44}},"type":"binary-expr","locations":[{"start":{"line":10,"column":10},"end":{"line":10,"column":29}},{"start":{"line":10,"column":33},"end":{"line":10,"column":44}}],"line":10},"3":{"loc":{"start":{"line":11,"column":19},"end":{"line":11,"column":48}},"type":"binary-expr","locations":[{"start":{"line":11,"column":19},"end":{"line":11,"column":38}},{"start":{"line":11,"column":42},"end":{"line":11,"column":48}}],"line":11},"4":{"loc":{"start":{"line":12,"column":10},"end":{"line":12,"column":43}},"type":"binary-expr","locations":[{"start":{"line":12,"column":10},"end":{"line":12,"column":29}},{"start":{"line":12,"column":33},"end":{"line":12,"column":43}}],"line":12},"5":{"loc":{"start":{"line":13,"column":14},"end":{"line":13,"column":51}},"type":"binary-expr","locations":[{"start":{"line":13,"column":14},"end":{"line":13,"column":37}},{"start":{"line":13,"column":41},"end":{"line":13,"column":51}}],"line":13},"6":{"loc":{"start":{"line":14,"column":14},"end":{"line":14,"column":52}},"type":"binary-expr","locations":[{"start":{"line":14,"column":14},"end":{"line":14,"column":33}},{"start":{"line":14,"column":37},"end":{"line":14,"column":52}}],"line":14},"7":{"loc":{"start":{"line":18,"column":12},"end":{"line":18,"column":59}},"type":"binary-expr","locations":[{"start":{"line":18,"column":12},"end":{"line":18,"column":34}},{"start":{"line":18,"column":38},"end":{"line":18,"column":59}}],"line":18},"8":{"loc":{"start":{"line":23,"column":24},"end":{"line":23,"column":85}},"type":"binary-expr","locations":[{"start":{"line":23,"column":24},"end":{"line":23,"column":58}},{"start":{"line":23,"column":62},"end":{"line":23,"column":85}}],"line":23}},"s":{"0":1},"f":{},"b":{"0":[1,1],"1":[1,0],"2":[1,1],"3":[1,1],"4":[1,1],"5":[1,1],"6":[1,1],"7":[1,1],"8":[1,1]},"inputSourceMap":null,"_coverageSchema":"1a1c01bbd47fc00a2c39e90264f33305004495a9","hash":"3431f58467fa0a1c590787575b66988d945690fa"}
,"/home/ahmed/food-delivery-system-CloudComputing/services/user-service/src/db.js": {"path":"/home/ahmed/food-delivery-system-CloudComputing/services/user-service/src/db.js","statementMap":{"0":{"start":{"line":8,"column":13},"end":{"line":17,"column":2}},"1":{"start":{"line":19,"column":0},"end":{"line":21,"column":3}},"2":{"start":{"line":20,"column":2},"end":{"line":20,"column":60}}},"fnMap":{"0":{"name":"(anonymous_0)","decl":{"start":{"line":19,"column":17},"end":{"line":19,"column":18}},"loc":{"start":{"line":19,"column":26},"end":{"line":21,"column":1}},"line":19}},"branchMap":{},"s":{"0":0,"1":0,"2":0},"f":{"0":0},"b":{},"inputSourceMap":null}
,"/home/ahmed/food-delivery-system-CloudComputing/services/user-service/src/middleware/auth.js": {"path":"/home/ahmed/food-delivery-system-CloudComputing/services/user-service/src/middleware/auth.js","statementMap":{"0":{"start":{"line":11,"column":21},"end":{"line":11,"column":49}},"1":{"start":{"line":12,"column":2},"end":{"line":14,"column":3}},"2":{"start":{"line":13,"column":4},"end":{"line":13,"column":88}},"3":{"start":{"line":16,"column":16},"end":{"line":16,"column":35}},"4":{"start":{"line":17,"column":2},"end":{"line":23,"column":3}},"5":{"start":{"line":18,"column":20},"end":{"line":18,"column":56}},"6":{"start":{"line":19,"column":4},"end":{"line":19,"column":23}},"7":{"start":{"line":20,"column":4},"end":{"line":20,"column":11}},"8":{"start":{"line":22,"column":4},"end":{"line":22,"column":71}},"9":{"start":{"line":33,"column":2},"end":{"line":41,"column":4}},"10":{"start":{"line":34,"column":4},"end":{"line":36,"column":5}},"11":{"start":{"line":35,"column":6},"end":{"line":35,"column":66}},"12":{"start":{"line":37,"column":4},"end":{"line":39,"column":5}},"13":{"start":{"line":38,"column":6},"end":{"line":38,"column":87}},"14":{"start":{"line":40,"column":4},"end":{"line":40,"column":11}}},"fnMap":{"0":{"name":"requireAuth","decl":{"start":{"line":10,"column":16},"end":{"line":10,"column":27}},"loc":{"start":{"line":10,"column":44},"end":{"line":24,"column":1}},"line":10},"1":{"name":"requireRole","decl":{"start":{"line":32,"column":16},"end":{"line":32,"column":27}},"loc":{"start":{"line":32,"column":34},"end":{"line":42,"column":1}},"line":32},"2":{"name":"(anonymous_2)","decl":{"start":{"line":33,"column":9},"end":{"line":33,"column":10}},"loc":{"start":{"line":33,"column":35},"end":{"line":41,"column":3}},"line":33}},"branchMap":{"0":{"loc":{"start":{"line":12,"column":2},"end":{"line":14,"column":3}},"type":"if","locations":[{"start":{"line":12,"column":2},"end":{"line":14,"column":3}},{"start":{},"end":{}}],"line":12},"1":{"loc":{"start":{"line":12,"column":6},"end":{"line":12,"column":54}},"type":"binary-expr","locations":[{"start":{"line":12,"column":6},"end":{"line":12,"column":17}},{"start":{"line":12,"column":21},"end":{"line":12,"column":54}}],"line":12},"2":{"loc":{"start":{"line":34,"column":4},"end":{"line":36,"column":5}},"type":"if","locations":[{"start":{"line":34,"column":4},"end":{"line":36,"column":5}},{"start":{},"end":{}}],"line":34},"3":{"loc":{"start":{"line":37,"column":4},"end":{"line":39,"column":5}},"type":"if","locations":[{"start":{"line":37,"column":4},"end":{"line":39,"column":5}},{"start":{},"end":{}}],"line":37}},"s":{"0":0,"1":0,"2":0,"3":0,"4":0,"5":0,"6":0,"7":0,"8":0,"9":0,"10":0,"11":0,"12":0,"13":0,"14":0},"f":{"0":0,"1":0,"2":0},"b":{"0":[0,0],"1":[0,0],"2":[0,0],"3":[0,0]},"inputSourceMap":null,"_coverageSchema":"1a1c01bbd47fc00a2c39e90264f33305004495a9","hash":"4823d173c7457d0469398b23c012a5a4bebd6dd4"}
,"/home/ahmed/food-delivery-system-CloudComputing/services/user-service/src/routes/users.js": {"path":"/home/ahmed/food-delivery-system-CloudComputing/services/user-service/src/routes/users.js","statementMap":{"0":{"start":{"line":10,"column":15},"end":{"line":10,"column":31}},"1":{"start":{"line":16,"column":0},"end":{"line":80,"column":3}},"2":{"start":{"line":17,"column":2},"end":{"line":79,"column":3}},"3":{"start":{"line":18,"column":86},"end":{"line":18,"column":94}},"4":{"start":{"line":20,"column":4},"end":{"line":22,"column":5}},"5":{"start":{"line":21,"column":6},"end":{"line":21,"column":87}},"6":{"start":{"line":24,"column":23},"end":{"line":24,"column":74}},"7":{"start":{"line":25,"column":21},"end":{"line":25,"column":74}},"8":{"start":{"line":27,"column":4},"end":{"line":29,"column":5}},"9":{"start":{"line":28,"column":6},"end":{"line":28,"column":98}},"10":{"start":{"line":32,"column":21},"end":{"line":35,"column":5}},"11":{"start":{"line":36,"column":4},"end":{"line":38,"column":5}},"12":{"start":{"line":37,"column":6},"end":{"line":37,"column":73}},"13":{"start":{"line":41,"column":27},"end":{"line":41,"column":58}},"14":{"start":{"line":43,"column":23},"end":{"line":43,"column":27}},"15":{"start":{"line":46,"column":4},"end":{"line":58,"column":5}},"16":{"start":{"line":47,"column":6},"end":{"line":57,"column":7}},"17":{"start":{"line":48,"column":25},"end":{"line":52,"column":9}},"18":{"start":{"line":53,"column":8},"end":{"line":53,"column":51}},"19":{"start":{"line":56,"column":8},"end":{"line":56,"column":87}},"20":{"start":{"line":60,"column":19},"end":{"line":65,"column":5}},"21":{"start":{"line":67,"column":20},"end":{"line":67,"column":34}},"22":{"start":{"line":70,"column":18},"end":{"line":74,"column":5}},"23":{"start":{"line":76,"column":4},"end":{"line":76,"column":51}},"24":{"start":{"line":78,"column":4},"end":{"line":78,"column":14}},"25":{"start":{"line":83,"column":0},"end":{"line":121,"column":3}},"26":{"start":{"line":84,"column":2},"end":{"line":120,"column":3}},"27":{"start":{"line":85,"column":32},"end":{"line":85,"column":40}},"28":{"start":{"line":87,"column":4},"end":{"line":89,"column":5}},"29":{"start":{"line":88,"column":6},"end":{"line":88,"column":80}},"30":{"start":{"line":91,"column":19},"end":{"line":94,"column":5}},"31":{"start":{"line":96,"column":4},"end":{"line":99,"column":5}},"32":{"start":{"line":98,"column":6},"end":{"line":98,"column":74}},"33":{"start":{"line":101,"column":17},"end":{"line":101,"column":31}},"34":{"start":{"line":102,"column":28},"end":{"line":102,"column":73}},"35":{"start":{"line":104,"column":4},"end":{"line":106,"column":5}},"36":{"start":{"line":105,"column":6},"end":{"line":105,"column":74}},"37":{"start":{"line":109,"column":18},"end":{"line":113,"column":5}},"38":{"start":{"line":116,"column":44},"end":{"line":116,"column":48}},"39":{"start":{"line":117,"column":4},"end":{"line":117,"column":40}},"40":{"start":{"line":119,"column":4},"end":{"line":119,"column":14}},"41":{"start":{"line":125,"column":0},"end":{"line":140,"column":3}},"42":{"start":{"line":126,"column":2},"end":{"line":139,"column":3}},"43":{"start":{"line":127,"column":19},"end":{"line":130,"column":5}},"44":{"start":{"line":132,"column":4},"end":{"line":134,"column":5}},"45":{"start":{"line":133,"column":6},"end":{"line":133,"column":63}},"46":{"start":{"line":136,"column":4},"end":{"line":136,"column":39}},"47":{"start":{"line":138,"column":4},"end":{"line":138,"column":14}},"48":{"start":{"line":145,"column":0},"end":{"line":205,"column":3}},"49":{"start":{"line":146,"column":2},"end":{"line":204,"column":3}},"50":{"start":{"line":147,"column":72},"end":{"line":147,"column":80}},"51":{"start":{"line":150,"column":21},"end":{"line":153,"column":5}},"52":{"start":{"line":155,"column":4},"end":{"line":157,"column":5}},"53":{"start":{"line":156,"column":6},"end":{"line":156,"column":63}},"54":{"start":{"line":159,"column":24},"end":{"line":159,"column":40}},"55":{"start":{"line":162,"column":4},"end":{"line":170,"column":5}},"56":{"start":{"line":163,"column":25},"end":{"line":166,"column":7}},"57":{"start":{"line":167,"column":6},"end":{"line":169,"column":7}},"58":{"start":{"line":168,"column":8},"end":{"line":168,"column":90}},"59":{"start":{"line":172,"column":28},"end":{"line":172,"column":48}},"60":{"start":{"line":175,"column":4},"end":{"line":184,"column":5}},"61":{"start":{"line":176,"column":6},"end":{"line":178,"column":7}},"62":{"start":{"line":177,"column":8},"end":{"line":177,"column":101}},"63":{"start":{"line":179,"column":30},"end":{"line":179,"column":90}},"64":{"start":{"line":180,"column":6},"end":{"line":182,"column":7}},"65":{"start":{"line":181,"column":8},"end":{"line":181,"column":80}},"66":{"start":{"line":183,"column":6},"end":{"line":183,"column":58}},"67":{"start":{"line":186,"column":19},"end":{"line":199,"column":5}},"68":{"start":{"line":201,"column":4},"end":{"line":201,"column":39}},"69":{"start":{"line":203,"column":4},"end":{"line":203,"column":14}},"70":{"start":{"line":210,"column":0},"end":{"line":222,"column":3}},"71":{"start":{"line":211,"column":2},"end":{"line":221,"column":3}},"72":{"start":{"line":212,"column":19},"end":{"line":217,"column":5}},"73":{"start":{"line":218,"column":4},"end":{"line":218,"column":39}},"74":{"start":{"line":220,"column":4},"end":{"line":220,"column":14}},"75":{"start":{"line":227,"column":0},"end":{"line":247,"column":3}},"76":{"start":{"line":228,"column":2},"end":{"line":246,"column":3}},"77":{"start":{"line":229,"column":19},"end":{"line":229,"column":46}},"78":{"start":{"line":230,"column":4},"end":{"line":232,"column":5}},"79":{"start":{"line":231,"column":6},"end":{"line":231,"column":64}},"80":{"start":{"line":234,"column":19},"end":{"line":237,"column":5}},"81":{"start":{"line":239,"column":4},"end":{"line":241,"column":5}},"82":{"start":{"line":240,"column":6},"end":{"line":240,"column":63}},"83":{"start":{"line":243,"column":4},"end":{"line":243,"column":39}},"84":{"start":{"line":245,"column":4},"end":{"line":245,"column":14}}},"fnMap":{"0":{"name":"(anonymous_0)","decl":{"start":{"line":16,"column":25},"end":{"line":16,"column":26}},"loc":{"start":{"line":16,"column":51},"end":{"line":80,"column":1}},"line":16},"1":{"name":"(anonymous_1)","decl":{"start":{"line":83,"column":22},"end":{"line":83,"column":23}},"loc":{"start":{"line":83,"column":48},"end":{"line":121,"column":1}},"line":83},"2":{"name":"(anonymous_2)","decl":{"start":{"line":125,"column":31},"end":{"line":125,"column":32}},"loc":{"start":{"line":125,"column":57},"end":{"line":140,"column":1}},"line":125},"3":{"name":"(anonymous_3)","decl":{"start":{"line":145,"column":31},"end":{"line":145,"column":32}},"loc":{"start":{"line":145,"column":57},"end":{"line":205,"column":1}},"line":145},"4":{"name":"(anonymous_4)","decl":{"start":{"line":210,"column":23},"end":{"line":210,"column":24}},"loc":{"start":{"line":210,"column":49},"end":{"line":222,"column":1}},"line":210},"5":{"name":"(anonymous_5)","decl":{"start":{"line":227,"column":19},"end":{"line":227,"column":20}},"loc":{"start":{"line":227,"column":45},"end":{"line":247,"column":1}},"line":227}},"branchMap":{"0":{"loc":{"start":{"line":20,"column":4},"end":{"line":22,"column":5}},"type":"if","locations":[{"start":{"line":20,"column":4},"end":{"line":22,"column":5}},{"start":{},"end":{}}],"line":20},"1":{"loc":{"start":{"line":20,"column":8},"end":{"line":20,"column":36}},"type":"binary-expr","locations":[{"start":{"line":20,"column":8},"end":{"line":20,"column":13}},{"start":{"line":20,"column":17},"end":{"line":20,"column":23}},{"start":{"line":20,"column":27},"end":{"line":20,"column":36}}],"line":20},"2":{"loc":{"start":{"line":25,"column":21},"end":{"line":25,"column":74}},"type":"cond-expr","locations":[{"start":{"line":25,"column":57},"end":{"line":25,"column":61}},{"start":{"line":25,"column":64},"end":{"line":25,"column":74}}],"line":25},"3":{"loc":{"start":{"line":25,"column":21},"end":{"line":25,"column":54}},"type":"binary-expr","locations":[{"start":{"line":25,"column":21},"end":{"line":25,"column":25}},{"start":{"line":25,"column":29},"end":{"line":25,"column":54}}],"line":25},"4":{"loc":{"start":{"line":27,"column":4},"end":{"line":29,"column":5}},"type":"if","locations":[{"start":{"line":27,"column":4},"end":{"line":29,"column":5}},{"start":{},"end":{}}],"line":27},"5":{"loc":{"start":{"line":27,"column":8},"end":{"line":27,"column":59}},"type":"binary-expr","locations":[{"start":{"line":27,"column":8},"end":{"line":27,"column":39}},{"start":{"line":27,"column":43},"end":{"line":27,"column":59}}],"line":27},"6":{"loc":{"start":{"line":36,"column":4},"end":{"line":38,"column":5}},"type":"if","locations":[{"start":{"line":36,"column":4},"end":{"line":38,"column":5}},{"start":{},"end":{}}],"line":36},"7":{"loc":{"start":{"line":46,"column":4},"end":{"line":58,"column":5}},"type":"if","locations":[{"start":{"line":46,"column":4},"end":{"line":58,"column":5}},{"start":{},"end":{}}],"line":46},"8":{"loc":{"start":{"line":50,"column":44},"end":{"line":50,"column":59}},"type":"binary-expr","locations":[{"start":{"line":50,"column":44},"end":{"line":50,"column":51}},{"start":{"line":50,"column":55},"end":{"line":50,"column":59}}],"line":50},"9":{"loc":{"start":{"line":64,"column":36},"end":{"line":64,"column":49}},"type":"binary-expr","locations":[{"start":{"line":64,"column":36},"end":{"line":64,"column":41}},{"start":{"line":64,"column":45},"end":{"line":64,"column":49}}],"line":64},"10":{"loc":{"start":{"line":64,"column":51},"end":{"line":64,"column":66}},"type":"binary-expr","locations":[{"start":{"line":64,"column":51},"end":{"line":64,"column":58}},{"start":{"line":64,"column":62},"end":{"line":64,"column":66}}],"line":64},"11":{"loc":{"start":{"line":87,"column":4},"end":{"line":89,"column":5}},"type":"if","locations":[{"start":{"line":87,"column":4},"end":{"line":89,"column":5}},{"start":{},"end":{}}],"line":87},"12":{"loc":{"start":{"line":87,"column":8},"end":{"line":87,"column":27}},"type":"binary-expr","locations":[{"start":{"line":87,"column":8},"end":{"line":87,"column":14}},{"start":{"line":87,"column":18},"end":{"line":87,"column":27}}],"line":87},"13":{"loc":{"start":{"line":96,"column":4},"end":{"line":99,"column":5}},"type":"if","locations":[{"start":{"line":96,"column":4},"end":{"line":99,"column":5}},{"start":{},"end":{}}],"line":96},"14":{"loc":{"start":{"line":104,"column":4},"end":{"line":106,"column":5}},"type":"if","locations":[{"start":{"line":104,"column":4},"end":{"line":106,"column":5}},{"start":{},"end":{}}],"line":104},"15":{"loc":{"start":{"line":132,"column":4},"end":{"line":134,"column":5}},"type":"if","locations":[{"start":{"line":132,"column":4},"end":{"line":134,"column":5}},{"start":{},"end":{}}],"line":132},"16":{"loc":{"start":{"line":155,"column":4},"end":{"line":157,"column":5}},"type":"if","locations":[{"start":{"line":155,"column":4},"end":{"line":157,"column":5}},{"start":{},"end":{}}],"line":155},"17":{"loc":{"start":{"line":162,"column":4},"end":{"line":170,"column":5}},"type":"if","locations":[{"start":{"line":162,"column":4},"end":{"line":170,"column":5}},{"start":{},"end":{}}],"line":162},"18":{"loc":{"start":{"line":162,"column":8},"end":{"line":162,"column":44}},"type":"binary-expr","locations":[{"start":{"line":162,"column":8},"end":{"line":162,"column":13}},{"start":{"line":162,"column":17},"end":{"line":162,"column":44}}],"line":162},"19":{"loc":{"start":{"line":167,"column":6},"end":{"line":169,"column":7}},"type":"if","locations":[{"start":{"line":167,"column":6},"end":{"line":169,"column":7}},{"start":{},"end":{}}],"line":167},"20":{"loc":{"start":{"line":175,"column":4},"end":{"line":184,"column":5}},"type":"if","locations":[{"start":{"line":175,"column":4},"end":{"line":184,"column":5}},{"start":{},"end":{}}],"line":175},"21":{"loc":{"start":{"line":176,"column":6},"end":{"line":178,"column":7}},"type":"if","locations":[{"start":{"line":176,"column":6},"end":{"line":178,"column":7}},{"start":{},"end":{}}],"line":176},"22":{"loc":{"start":{"line":180,"column":6},"end":{"line":182,"column":7}},"type":"if","locations":[{"start":{"line":180,"column":6},"end":{"line":182,"column":7}},{"start":{},"end":{}}],"line":180},"23":{"loc":{"start":{"line":192,"column":8},"end":{"line":192,"column":32}},"type":"binary-expr","locations":[{"start":{"line":192,"column":8},"end":{"line":192,"column":12}},{"start":{"line":192,"column":16},"end":{"line":192,"column":32}}],"line":192},"24":{"loc":{"start":{"line":193,"column":8},"end":{"line":193,"column":34}},"type":"binary-expr","locations":[{"start":{"line":193,"column":8},"end":{"line":193,"column":13}},{"start":{"line":193,"column":17},"end":{"line":193,"column":34}}],"line":193},"25":{"loc":{"start":{"line":194,"column":8},"end":{"line":194,"column":55}},"type":"cond-expr","locations":[{"start":{"line":194,"column":30},"end":{"line":194,"column":35}},{"start":{"line":194,"column":38},"end":{"line":194,"column":55}}],"line":194},"26":{"loc":{"start":{"line":195,"column":8},"end":{"line":195,"column":61}},"type":"cond-expr","locations":[{"start":{"line":195,"column":32},"end":{"line":195,"column":39}},{"start":{"line":195,"column":42},"end":{"line":195,"column":61}}],"line":195},"27":{"loc":{"start":{"line":230,"column":4},"end":{"line":232,"column":5}},"type":"if","locations":[{"start":{"line":230,"column":4},"end":{"line":232,"column":5}},{"start":{},"end":{}}],"line":230},"28":{"loc":{"start":{"line":239,"column":4},"end":{"line":241,"column":5}},"type":"if","locations":[{"start":{"line":239,"column":4},"end":{"line":241,"column":5}},{"start":{},"end":{}}],"line":239}},"s":{"0":1,"1":1,"2":7,"3":7,"4":7,"5":3,"6":4,"7":4,"8":4,"9":1,"10":3,"11":3,"12":1,"13":2,"14":2,"15":2,"16":0,"17":0,"18":0,"19":0,"20":2,"21":2,"22":2,"23":2,"24":0,"25":1,"26":5,"27":5,"28":5,"29":2,"30":3,"31":3,"32":1,"33":2,"34":2,"35":2,"36":1,"37":1,"38":1,"39":1,"40":0,"41":1,"42":0,"43":0,"44":0,"45":0,"46":0,"47":0,"48":1,"49":0,"50":0,"51":0,"52":0,"53":0,"54":0,"55":0,"56":0,"57":0,"58":0,"59":0,"60":0,"61":0,"62":0,"63":0,"64":0,"65":0,"66":0,"67":0,"68":0,"69":0,"70":1,"71":0,"72":0,"73":0,"74":0,"75":1,"76":3,"77":3,"78":3,"79":1,"80":2,"81":2,"82":1,"83":1,"84":0},"f":{"0":7,"1":5,"2":0,"3":0,"4":0,"5":3},"b":{"0":[3,4],"1":[7,6,5],"2":[1,3],"3":[4,2],"4":[1,3],"5":[4,1],"6":[1,2],"7":[0,2],"8":[0,0],"9":[2,2],"10":[2,2],"11":[2,3],"12":[5,4],"13":[1,2],"14":[1,1],"15":[0,0],"16":[0,0],"17":[0,0],"18":[0,0],"19":[0,0],"20":[0,0],"21":[0,0],"22":[0,0],"23":[0,0],"24":[0,0],"25":[0,0],"26":[0,0],"27":[1,2],"28":[1,1]},"inputSourceMap":null,"_coverageSchema":"1a1c01bbd47fc00a2c39e90264f33305004495a9","hash":"d4b63c37e9fc54152e2c566e39878432e9f104a8"}
}
