TN:
SF:src/app.js
FN:13,(anonymous_0)
FN:21,(anonymous_1)
FNF:2
FNH:1
FNDA:1,(anonymous_0)
FNDA:0,(anonymous_1)
DA:6,1
DA:9,1
DA:10,1
DA:13,1
DA:14,1
DA:17,1
DA:21,1
DA:22,0
DA:23,0
DA:24,0
LF:10
LH:7
BRDA:23,0,0,0
BRDA:23,0,1,0
BRDA:23,0,2,0
BRDA:24,1,0,0
BRDA:24,1,1,0
BRF:5
BRH:0
end_of_record
TN:
SF:src/config.js
FNF:0
FNH:0
DA:5,1
LF:1
LH:1
BRDA:6,0,0,1
BRDA:6,0,1,1
BRDA:7,1,0,1
BRDA:7,1,1,0
BRDA:10,2,0,1
BRDA:10,2,1,1
BRDA:11,3,0,1
BRDA:11,3,1,1
BRDA:12,4,0,1
BRDA:12,4,1,1
BRDA:13,5,0,1
BRDA:13,5,1,1
BRDA:14,6,0,1
BRDA:14,6,1,1
BRDA:18,7,0,1
BRDA:18,7,1,1
BRDA:23,8,0,1
BRDA:23,8,1,1
BRF:18
BRH:17
end_of_record
TN:
SF:src/db.js
FN:19,(anonymous_0)
FNF:1
FNH:0
FNDA:0,(anonymous_0)
DA:8,0
DA:19,0
DA:20,0
LF:3
LH:0
BRF:0
BRH:0
end_of_record
TN:
SF:src/middleware/auth.js
FN:10,requireAuth
FN:32,requireRole
FN:33,(anonymous_2)
FNF:3
FNH:0
FNDA:0,requireAuth
FNDA:0,requireRole
FNDA:0,(anonymous_2)
DA:11,0
DA:12,0
DA:13,0
DA:16,0
DA:17,0
DA:18,0
DA:19,0
DA:20,0
DA:22,0
DA:33,0
DA:34,0
DA:35,0
DA:37,0
DA:38,0
DA:40,0
LF:15
LH:0
BRDA:12,0,0,0
BRDA:12,0,1,0
BRDA:12,1,0,0
BRDA:12,1,1,0
BRDA:34,2,0,0
BRDA:34,2,1,0
BRDA:37,3,0,0
BRDA:37,3,1,0
BRF:8
BRH:0
end_of_record
TN:
SF:src/routes/users.js
FN:16,(anonymous_0)
FN:83,(anonymous_1)
FN:125,(anonymous_2)
FN:145,(anonymous_3)
FN:210,(anonymous_4)
FN:227,(anonymous_5)
FNF:6
FNH:3
FNDA:7,(anonymous_0)
FNDA:5,(anonymous_1)
FNDA:0,(anonymous_2)
FNDA:0,(anonymous_3)
FNDA:0,(anonymous_4)
FNDA:3,(anonymous_5)
DA:10,1
DA:16,1
DA:17,7
DA:18,7
DA:20,7
DA:21,3
DA:24,4
DA:25,4
DA:27,4
DA:28,1
DA:32,3
DA:36,3
DA:37,1
DA:41,2
DA:43,2
DA:46,2
DA:47,0
DA:48,0
DA:53,0
DA:56,0
DA:60,2
DA:67,2
DA:70,2
DA:76,2
DA:78,0
DA:83,1
DA:84,5
DA:85,5
DA:87,5
DA:88,2
DA:91,3
DA:96,3
DA:98,1
DA:101,2
DA:102,2
DA:104,2
DA:105,1
DA:109,1
DA:116,1
DA:117,1
DA:119,0
DA:125,1
DA:126,0
DA:127,0
DA:132,0
DA:133,0
DA:136,0
DA:138,0
DA:145,1
DA:146,0
DA:147,0
DA:150,0
DA:155,0
DA:156,0
DA:159,0
DA:162,0
DA:163,0
DA:167,0
DA:168,0
DA:172,0
DA:175,0
DA:176,0
DA:177,0
DA:179,0
DA:180,0
DA:181,0
DA:183,0
DA:186,0
DA:201,0
DA:203,0
DA:210,1
DA:211,0
DA:212,0
DA:218,0
DA:220,0
DA:227,1
DA:228,3
DA:229,3
DA:230,3
DA:231,1
DA:234,2
DA:239,2
DA:240,1
DA:243,1
DA:245,0
LF:85
LH:47
BRDA:20,0,0,3
BRDA:20,0,1,4
BRDA:20,1,0,7
BRDA:20,1,1,6
BRDA:20,1,2,5
BRDA:25,2,0,1
BRDA:25,2,1,3
BRDA:25,3,0,4
BRDA:25,3,1,2
BRDA:27,4,0,1
BRDA:27,4,1,3
BRDA:27,5,0,4
BRDA:27,5,1,1
BRDA:36,6,0,1
BRDA:36,6,1,2
BRDA:46,7,0,0
BRDA:46,7,1,2
BRDA:50,8,0,0
BRDA:50,8,1,0
BRDA:64,9,0,2
BRDA:64,9,1,2
BRDA:64,10,0,2
BRDA:64,10,1,2
BRDA:87,11,0,2
BRDA:87,11,1,3
BRDA:87,12,0,5
BRDA:87,12,1,4
BRDA:96,13,0,1
BRDA:96,13,1,2
BRDA:104,14,0,1
BRDA:104,14,1,1
BRDA:132,15,0,0
BRDA:132,15,1,0
BRDA:155,16,0,0
BRDA:155,16,1,0
BRDA:162,17,0,0
BRDA:162,17,1,0
BRDA:162,18,0,0
BRDA:162,18,1,0
BRDA:167,19,0,0
BRDA:167,19,1,0
BRDA:175,20,0,0
BRDA:175,20,1,0
BRDA:176,21,0,0
BRDA:176,21,1,0
BRDA:180,22,0,0
BRDA:180,22,1,0
BRDA:192,23,0,0
BRDA:192,23,1,0
BRDA:193,24,0,0
BRDA:193,24,1,0
BRDA:194,25,0,0
BRDA:194,25,1,0
BRDA:195,26,0,0
BRDA:195,26,1,0
BRDA:230,27,0,1
BRDA:230,27,1,2
BRDA:239,28,0,1
BRDA:239,28,1,1
BRF:59
BRH:32
end_of_record
