{"/home/ahmed/food-delivery-system-CloudComputing/services/order-service/src/app.js": {"path":"/home/ahmed/food-delivery-system-CloudComputing/services/order-service/src/app.js","statementMap":{"0":{"start":{"line":8,"column":12},"end":{"line":8,"column":21}},"1":{"start":{"line":11,"column":0},"end":{"line":11,"column":16}},"2":{"start":{"line":12,"column":0},"end":{"line":12,"column":24}},"3":{"start":{"line":15,"column":0},"end":{"line":17,"column":3}},"4":{"start":{"line":16,"column":2},"end":{"line":16,"column":55}},"5":{"start":{"line":19,"column":0},"end":{"line":19,"column":36}},"6":{"start":{"line":23,"column":0},"end":{"line":27,"column":3}},"7":{"start":{"line":24,"column":2},"end":{"line":24,"column":40}},"8":{"start":{"line":25,"column":17},"end":{"line":25,"column":52}},"9":{"start":{"line":26,"column":2},"end":{"line":26,"column":77}}},"fnMap":{"0":{"name":"(anonymous_0)","decl":{"start":{"line":15,"column":19},"end":{"line":15,"column":20}},"loc":{"start":{"line":15,"column":34},"end":{"line":17,"column":1}},"line":15},"1":{"name":"(anonymous_1)","decl":{"start":{"line":23,"column":8},"end":{"line":23,"column":9}},"loc":{"start":{"line":23,"column":35},"end":{"line":27,"column":1}},"line":23}},"branchMap":{"0":{"loc":{"start":{"line":25,"column":17},"end":{"line":25,"column":52}},"type":"binary-expr","locations":[{"start":{"line":25,"column":17},"end":{"line":25,"column":27}},{"start":{"line":25,"column":31},"end":{"line":25,"column":45}},{"start":{"line":25,"column":49},"end":{"line":25,"column":52}}],"line":25},"1":{"loc":{"start":{"line":26,"column":35},"end":{"line":26,"column":73}},"type":"binary-expr","locations":[{"start":{"line":26,"column":35},"end":{"line":26,"column":46}},{"start":{"line":26,"column":50},"end":{"line":26,"column":73}}],"line":26}},"s":{"0":1,"1":1,"2":1,"3":1,"4":1,"5":1,"6":1,"7":0,"8":0,"9":0},"f":{"0":1,"1":0},"b":{"0":[0,0,0],"1":[0,0]},"inputSourceMap":null,"_coverageSchema":"1a1c01bbd47fc00a2c39e90264f33305004495a9","hash":"240bb6e333efb6806bf2a24825e136cf7ed74106"}
,"/home/ahmed/food-delivery-system-CloudComputing/services/order-service/src/config.js": {"path":"/home/ahmed/food-delivery-system-CloudComputing/services/order-service/src/config.js","statementMap":{"0":{"start":{"line":2,"column":15},"end":{"line":18,"column":1}}},"fnMap":{},"branchMap":{"0":{"loc":{"start":{"line":3,"column":17},"end":{"line":3,"column":43}},"type":"binary-expr","locations":[{"start":{"line":3,"column":17},"end":{"line":3,"column":33}},{"start":{"line":3,"column":37},"end":{"line":3,"column":43}}],"line":3},"1":{"loc":{"start":{"line":4,"column":11},"end":{"line":4,"column":48}},"type":"binary-expr","locations":[{"start":{"line":4,"column":11},"end":{"line":4,"column":31}},{"start":{"line":4,"column":35},"end":{"line":4,"column":48}}],"line":4},"2":{"loc":{"start":{"line":7,"column":10},"end":{"line":7,"column":44}},"type":"binary-expr","locations":[{"start":{"line":7,"column":10},"end":{"line":7,"column":29}},{"start":{"line":7,"column":33},"end":{"line":7,"column":44}}],"line":7},"3":{"loc":{"start":{"line":8,"column":19},"end":{"line":8,"column":48}},"type":"binary-expr","locations":[{"start":{"line":8,"column":19},"end":{"line":8,"column":38}},{"start":{"line":8,"column":42},"end":{"line":8,"column":48}}],"line":8},"4":{"loc":{"start":{"line":9,"column":10},"end":{"line":9,"column":43}},"type":"binary-expr","locations":[{"start":{"line":9,"column":10},"end":{"line":9,"column":29}},{"start":{"line":9,"column":33},"end":{"line":9,"column":43}}],"line":9},"5":{"loc":{"start":{"line":10,"column":14},"end":{"line":10,"column":51}},"type":"binary-expr","locations":[{"start":{"line":10,"column":14},"end":{"line":10,"column":37}},{"start":{"line":10,"column":41},"end":{"line":10,"column":51}}],"line":10},"6":{"loc":{"start":{"line":11,"column":14},"end":{"line":11,"column":52}},"type":"binary-expr","locations":[{"start":{"line":11,"column":14},"end":{"line":11,"column":33}},{"start":{"line":11,"column":37},"end":{"line":11,"column":52}}],"line":11},"7":{"loc":{"start":{"line":15,"column":18},"end":{"line":15,"column":73}},"type":"binary-expr","locations":[{"start":{"line":15,"column":18},"end":{"line":15,"column":46}},{"start":{"line":15,"column":50},"end":{"line":15,"column":73}}],"line":15},"8":{"loc":{"start":{"line":16,"column":24},"end":{"line":16,"column":85}},"type":"binary-expr","locations":[{"start":{"line":16,"column":24},"end":{"line":16,"column":58}},{"start":{"line":16,"column":62},"end":{"line":16,"column":85}}],"line":16},"9":{"loc":{"start":{"line":17,"column":21},"end":{"line":17,"column":79}},"type":"binary-expr","locations":[{"start":{"line":17,"column":21},"end":{"line":17,"column":52}},{"start":{"line":17,"column":56},"end":{"line":17,"column":79}}],"line":17}},"s":{"0":1},"f":{},"b":{"0":[1,1],"1":[1,0],"2":[1,1],"3":[1,1],"4":[1,1],"5":[1,1],"6":[1,1],"7":[1,1],"8":[1,1],"9":[1,1]},"inputSourceMap":null,"_coverageSchema":"1a1c01bbd47fc00a2c39e90264f33305004495a9","hash":"b956d96aec765a24edaf91f67c229403bdc4e62a"}
,"/home/ahmed/food-delivery-system-CloudComputing/services/order-service/src/db.js": {"path":"/home/ahmed/food-delivery-system-CloudComputing/services/order-service/src/db.js","statementMap":{"0":{"start":{"line":5,"column":13},"end":{"line":13,"column":2}},"1":{"start":{"line":15,"column":0},"end":{"line":17,"column":3}},"2":{"start":{"line":16,"column":2},"end":{"line":16,"column":60}}},"fnMap":{"0":{"name":"(anonymous_0)","decl":{"start":{"line":15,"column":17},"end":{"line":15,"column":18}},"loc":{"start":{"line":15,"column":26},"end":{"line":17,"column":1}},"line":15}},"branchMap":{},"s":{"0":0,"1":0,"2":0},"f":{"0":0},"b":{},"inputSourceMap":null}
,"/home/ahmed/food-delivery-system-CloudComputing/services/order-service/src/rabbitmq.js": {"path":"/home/ahmed/food-delivery-system-CloudComputing/services/order-service/src/rabbitmq.js","statementMap":{"0":{"start":{"line":3,"column":14},"end":{"line":3,"column":18}},"1":{"start":{"line":4,"column":17},"end":{"line":4,"column":21}},"2":{"start":{"line":6,"column":20},"end":{"line":6,"column":22}},"3":{"start":{"line":7,"column":25},"end":{"line":7,"column":29}},"4":{"start":{"line":8,"column":21},"end":{"line":8,"column":26}},"5":{"start":{"line":14,"column":21},"end":{"line":25,"column":1}},"6":{"start":{"line":15,"column":2},"end":{"line":18,"column":3}},"7":{"start":{"line":17,"column":4},"end":{"line":17,"column":36}},"8":{"start":{"line":19,"column":15},"end":{"line":19,"column":59}},"9":{"start":{"line":20,"column":15},"end":{"line":20,"column":59}},"10":{"start":{"line":21,"column":15},"end":{"line":23,"column":25}},"11":{"start":{"line":24,"column":2},"end":{"line":24,"column":42}},"12":{"start":{"line":31,"column":31},"end":{"line":68,"column":1}},"13":{"start":{"line":32,"column":2},"end":{"line":67,"column":3}},"14":{"start":{"line":33,"column":23},"end":{"line":33,"column":37}},"15":{"start":{"line":34,"column":4},"end":{"line":34,"column":48}},"16":{"start":{"line":35,"column":4},"end":{"line":35,"column":47}},"17":{"start":{"line":37,"column":4},"end":{"line":40,"column":7}},"18":{"start":{"line":42,"column":4},"end":{"line":42,"column":57}},"19":{"start":{"line":45,"column":4},"end":{"line":52,"column":7}},"20":{"start":{"line":46,"column":6},"end":{"line":51,"column":7}},"21":{"start":{"line":47,"column":8},"end":{"line":47,"column":83}},"22":{"start":{"line":48,"column":8},"end":{"line":48,"column":23}},"23":{"start":{"line":49,"column":8},"end":{"line":49,"column":26}},"24":{"start":{"line":50,"column":8},"end":{"line":50,"column":63}},"25":{"start":{"line":50,"column":25},"end":{"line":50,"column":43}},"26":{"start":{"line":54,"column":4},"end":{"line":56,"column":7}},"27":{"start":{"line":55,"column":6},"end":{"line":55,"column":79}},"28":{"start":{"line":58,"column":4},"end":{"line":58,"column":19}},"29":{"start":{"line":59,"column":4},"end":{"line":59,"column":22}},"30":{"start":{"line":60,"column":4},"end":{"line":65,"column":5}},"31":{"start":{"line":61,"column":20},"end":{"line":61,"column":87}},"32":{"start":{"line":62,"column":6},"end":{"line":62,"column":139}},"33":{"start":{"line":63,"column":6},"end":{"line":63,"column":65}},"34":{"start":{"line":63,"column":37},"end":{"line":63,"column":63}},"35":{"start":{"line":64,"column":6},"end":{"line":64,"column":42}},"36":{"start":{"line":66,"column":4},"end":{"line":66,"column":106}},"37":{"start":{"line":70,"column":26},"end":{"line":70,"column":39}},"38":{"start":{"line":70,"column":32},"end":{"line":70,"column":39}}},"fnMap":{"0":{"name":"(anonymous_0)","decl":{"start":{"line":14,"column":21},"end":{"line":14,"column":22}},"loc":{"start":{"line":14,"column":27},"end":{"line":25,"column":1}},"line":14},"1":{"name":"(anonymous_1)","decl":{"start":{"line":31,"column":31},"end":{"line":31,"column":32}},"loc":{"start":{"line":31,"column":54},"end":{"line":68,"column":1}},"line":31},"2":{"name":"(anonymous_2)","decl":{"start":{"line":45,"column":27},"end":{"line":45,"column":28}},"loc":{"start":{"line":45,"column":36},"end":{"line":52,"column":5}},"line":45},"3":{"name":"(anonymous_3)","decl":{"start":{"line":50,"column":19},"end":{"line":50,"column":20}},"loc":{"start":{"line":50,"column":25},"end":{"line":50,"column":43}},"line":50},"4":{"name":"(anonymous_4)","decl":{"start":{"line":54,"column":27},"end":{"line":54,"column":28}},"loc":{"start":{"line":54,"column":36},"end":{"line":56,"column":5}},"line":54},"5":{"name":"(anonymous_5)","decl":{"start":{"line":63,"column":24},"end":{"line":63,"column":25}},"loc":{"start":{"line":63,"column":37},"end":{"line":63,"column":63}},"line":63},"6":{"name":"(anonymous_6)","decl":{"start":{"line":70,"column":26},"end":{"line":70,"column":27}},"loc":{"start":{"line":70,"column":32},"end":{"line":70,"column":39}},"line":70}},"branchMap":{"0":{"loc":{"start":{"line":15,"column":2},"end":{"line":18,"column":3}},"type":"if","locations":[{"start":{"line":15,"column":2},"end":{"line":18,"column":3}},{"start":{},"end":{}}],"line":15},"1":{"loc":{"start":{"line":15,"column":6},"end":{"line":15,"column":72}},"type":"binary-expr","locations":[{"start":{"line":15,"column":6},"end":{"line":15,"column":30}},{"start":{"line":15,"column":34},"end":{"line":15,"column":72}}],"line":15},"2":{"loc":{"start":{"line":19,"column":15},"end":{"line":19,"column":59}},"type":"binary-expr","locations":[{"start":{"line":19,"column":15},"end":{"line":19,"column":48}},{"start":{"line":19,"column":52},"end":{"line":19,"column":59}}],"line":19},"3":{"loc":{"start":{"line":20,"column":15},"end":{"line":20,"column":59}},"type":"binary-expr","locations":[{"start":{"line":20,"column":15},"end":{"line":20,"column":48}},{"start":{"line":20,"column":52},"end":{"line":20,"column":59}}],"line":20},"4":{"loc":{"start":{"line":21,"column":16},"end":{"line":21,"column":67}},"type":"binary-expr","locations":[{"start":{"line":21,"column":16},"end":{"line":21,"column":40}},{"start":{"line":21,"column":44},"end":{"line":21,"column":67}}],"line":21},"5":{"loc":{"start":{"line":31,"column":38},"end":{"line":31,"column":49}},"type":"default-arg","locations":[{"start":{"line":31,"column":48},"end":{"line":31,"column":49}}],"line":31},"6":{"loc":{"start":{"line":46,"column":6},"end":{"line":51,"column":7}},"type":"if","locations":[{"start":{"line":46,"column":6},"end":{"line":51,"column":7}},{"start":{},"end":{}}],"line":46},"7":{"loc":{"start":{"line":60,"column":4},"end":{"line":65,"column":5}},"type":"if","locations":[{"start":{"line":60,"column":4},"end":{"line":65,"column":5}},{"start":{},"end":{}}],"line":60}},"s":{"0":0,"1":0,"2":0,"3":0,"4":0,"5":0,"6":0,"7":0,"8":0,"9":0,"10":0,"11":0,"12":0,"13":0,"14":0,"15":0,"16":0,"17":0,"18":0,"19":0,"20":0,"21":0,"22":0,"23":0,"24":0,"25":0,"26":0,"27":0,"28":0,"29":0,"30":0,"31":0,"32":0,"33":0,"34":0,"35":0,"36":0,"37":0,"38":0},"f":{"0":0,"1":0,"2":0,"3":0,"4":0,"5":0,"6":0},"b":{"0":[0,0],"1":[0,0],"2":[0,0],"3":[0,0],"4":[0,0],"5":[0],"6":[0,0],"7":[0,0]},"inputSourceMap":null}
,"/home/ahmed/food-delivery-system-CloudComputing/services/order-service/src/routes/orders.js": {"path":"/home/ahmed/food-delivery-system-CloudComputing/services/order-service/src/routes/orders.js","statementMap":{"0":{"start":{"line":8,"column":15},"end":{"line":8,"column":31}},"1":{"start":{"line":11,"column":23},"end":{"line":11,"column":91}},"2":{"start":{"line":16,"column":0},"end":{"line":134,"column":3}},"3":{"start":{"line":17,"column":2},"end":{"line":133,"column":3}},"4":{"start":{"line":18,"column":80},"end":{"line":18,"column":88}},"5":{"start":{"line":20,"column":4},"end":{"line":22,"column":5}},"6":{"start":{"line":21,"column":6},"end":{"line":21,"column":97}},"7":{"start":{"line":26,"column":4},"end":{"line":33,"column":5}},"8":{"start":{"line":27,"column":6},"end":{"line":27,"column":90}},"9":{"start":{"line":29,"column":6},"end":{"line":31,"column":7}},"10":{"start":{"line":30,"column":8},"end":{"line":30,"column":76}},"11":{"start":{"line":32,"column":6},"end":{"line":32,"column":82}},"12":{"start":{"line":37,"column":26},"end":{"line":37,"column":27}},"13":{"start":{"line":38,"column":26},"end":{"line":38,"column":28}},"14":{"start":{"line":40,"column":4},"end":{"line":74,"column":5}},"15":{"start":{"line":41,"column":36},"end":{"line":41,"column":45}},"16":{"start":{"line":43,"column":6},"end":{"line":45,"column":7}},"17":{"start":{"line":44,"column":8},"end":{"line":44,"column":92}},"18":{"start":{"line":48,"column":6},"end":{"line":59,"column":7}},"19":{"start":{"line":49,"column":29},"end":{"line":52,"column":9}},"20":{"start":{"line":53,"column":8},"end":{"line":53,"column":42}},"21":{"start":{"line":55,"column":8},"end":{"line":57,"column":9}},"22":{"start":{"line":56,"column":10},"end":{"line":56,"column":88}},"23":{"start":{"line":58,"column":8},"end":{"line":58,"column":90}},"24":{"start":{"line":61,"column":6},"end":{"line":63,"column":7}},"25":{"start":{"line":62,"column":8},"end":{"line":62,"column":104}},"26":{"start":{"line":65,"column":24},"end":{"line":65,"column":56}},"27":{"start":{"line":66,"column":6},"end":{"line":66,"column":35}},"28":{"start":{"line":68,"column":6},"end":{"line":73,"column":9}},"29":{"start":{"line":77,"column":4},"end":{"line":77,"column":62}},"30":{"start":{"line":80,"column":19},"end":{"line":80,"column":39}},"31":{"start":{"line":82,"column":4},"end":{"line":109,"column":5}},"32":{"start":{"line":83,"column":6},"end":{"line":83,"column":34}},"33":{"start":{"line":85,"column":26},"end":{"line":90,"column":7}},"34":{"start":{"line":92,"column":6},"end":{"line":92,"column":37}},"35":{"start":{"line":95,"column":6},"end":{"line":101,"column":7}},"36":{"start":{"line":96,"column":8},"end":{"line":100,"column":10}},"37":{"start":{"line":103,"column":6},"end":{"line":103,"column":35}},"38":{"start":{"line":105,"column":6},"end":{"line":105,"column":37}},"39":{"start":{"line":106,"column":6},"end":{"line":106,"column":16}},"40":{"start":{"line":108,"column":6},"end":{"line":108,"column":23}},"41":{"start":{"line":112,"column":4},"end":{"line":128,"column":5}},"42":{"start":{"line":113,"column":22},"end":{"line":113,"column":34}},"43":{"start":{"line":114,"column":6},"end":{"line":125,"column":7}},"44":{"start":{"line":115,"column":24},"end":{"line":120,"column":9}},"45":{"start":{"line":121,"column":8},"end":{"line":121,"column":105}},"46":{"start":{"line":122,"column":8},"end":{"line":122,"column":105}},"47":{"start":{"line":124,"column":8},"end":{"line":124,"column":97}},"48":{"start":{"line":127,"column":6},"end":{"line":127,"column":85}},"49":{"start":{"line":130,"column":4},"end":{"line":130,"column":75}},"50":{"start":{"line":132,"column":4},"end":{"line":132,"column":14}},"51":{"start":{"line":139,"column":0},"end":{"line":168,"column":3}},"52":{"start":{"line":140,"column":2},"end":{"line":167,"column":3}},"53":{"start":{"line":141,"column":25},"end":{"line":141,"column":62}},"54":{"start":{"line":142,"column":4},"end":{"line":144,"column":5}},"55":{"start":{"line":143,"column":6},"end":{"line":143,"column":70}},"56":{"start":{"line":146,"column":25},"end":{"line":152,"column":5}},"57":{"start":{"line":154,"column":19},"end":{"line":162,"column":5}},"58":{"start":{"line":156,"column":28},"end":{"line":159,"column":9}},"59":{"start":{"line":160,"column":8},"end":{"line":160,"column":53}},"60":{"start":{"line":164,"column":4},"end":{"line":164,"column":25}},"61":{"start":{"line":166,"column":4},"end":{"line":166,"column":14}},"62":{"start":{"line":172,"column":0},"end":{"line":202,"column":3}},"63":{"start":{"line":173,"column":2},"end":{"line":201,"column":3}},"64":{"start":{"line":174,"column":19},"end":{"line":174,"column":50}},"65":{"start":{"line":175,"column":4},"end":{"line":177,"column":5}},"66":{"start":{"line":176,"column":6},"end":{"line":176,"column":64}},"67":{"start":{"line":179,"column":25},"end":{"line":185,"column":5}},"68":{"start":{"line":188,"column":19},"end":{"line":196,"column":5}},"69":{"start":{"line":190,"column":28},"end":{"line":193,"column":9}},"70":{"start":{"line":194,"column":8},"end":{"line":194,"column":53}},"71":{"start":{"line":198,"column":4},"end":{"line":198,"column":25}},"72":{"start":{"line":200,"column":4},"end":{"line":200,"column":14}},"73":{"start":{"line":207,"column":0},"end":{"line":236,"column":3}},"74":{"start":{"line":208,"column":2},"end":{"line":235,"column":3}},"75":{"start":{"line":209,"column":21},"end":{"line":209,"column":54}},"76":{"start":{"line":210,"column":4},"end":{"line":212,"column":5}},"77":{"start":{"line":211,"column":6},"end":{"line":211,"column":66}},"78":{"start":{"line":214,"column":25},"end":{"line":220,"column":5}},"79":{"start":{"line":222,"column":19},"end":{"line":230,"column":5}},"80":{"start":{"line":224,"column":28},"end":{"line":227,"column":9}},"81":{"start":{"line":228,"column":8},"end":{"line":228,"column":53}},"82":{"start":{"line":232,"column":4},"end":{"line":232,"column":25}},"83":{"start":{"line":234,"column":4},"end":{"line":234,"column":14}},"84":{"start":{"line":239,"column":0},"end":{"line":265,"column":3}},"85":{"start":{"line":240,"column":2},"end":{"line":264,"column":3}},"86":{"start":{"line":241,"column":20},"end":{"line":241,"column":47}},"87":{"start":{"line":242,"column":4},"end":{"line":244,"column":5}},"88":{"start":{"line":243,"column":6},"end":{"line":243,"column":65}},"89":{"start":{"line":246,"column":24},"end":{"line":250,"column":5}},"90":{"start":{"line":252,"column":4},"end":{"line":254,"column":5}},"91":{"start":{"line":253,"column":6},"end":{"line":253,"column":64}},"92":{"start":{"line":256,"column":24},"end":{"line":259,"column":5}},"93":{"start":{"line":261,"column":4},"end":{"line":261,"column":77}},"94":{"start":{"line":263,"column":4},"end":{"line":263,"column":14}},"95":{"start":{"line":272,"column":0},"end":{"line":319,"column":3}},"96":{"start":{"line":273,"column":2},"end":{"line":318,"column":3}},"97":{"start":{"line":274,"column":20},"end":{"line":274,"column":47}},"98":{"start":{"line":275,"column":4},"end":{"line":277,"column":5}},"99":{"start":{"line":276,"column":6},"end":{"line":276,"column":65}},"100":{"start":{"line":279,"column":23},"end":{"line":279,"column":31}},"101":{"start":{"line":280,"column":4},"end":{"line":284,"column":5}},"102":{"start":{"line":281,"column":6},"end":{"line":283,"column":9}},"103":{"start":{"line":287,"column":26},"end":{"line":290,"column":5}},"104":{"start":{"line":292,"column":4},"end":{"line":294,"column":5}},"105":{"start":{"line":293,"column":6},"end":{"line":293,"column":64}},"106":{"start":{"line":296,"column":26},"end":{"line":296,"column":54}},"107":{"start":{"line":297,"column":25},"end":{"line":297,"column":62}},"108":{"start":{"line":298,"column":21},"end":{"line":298,"column":51}},"109":{"start":{"line":301,"column":4},"end":{"line":305,"column":5}},"110":{"start":{"line":302,"column":6},"end":{"line":304,"column":9}},"111":{"start":{"line":307,"column":19},"end":{"line":313,"column":5}},"112":{"start":{"line":315,"column":4},"end":{"line":315,"column":40}},"113":{"start":{"line":317,"column":4},"end":{"line":317,"column":14}},"114":{"start":{"line":324,"column":0},"end":{"line":357,"column":3}},"115":{"start":{"line":325,"column":2},"end":{"line":356,"column":3}},"116":{"start":{"line":326,"column":20},"end":{"line":326,"column":47}},"117":{"start":{"line":327,"column":4},"end":{"line":329,"column":5}},"118":{"start":{"line":328,"column":6},"end":{"line":328,"column":65}},"119":{"start":{"line":331,"column":26},"end":{"line":331,"column":34}},"120":{"start":{"line":332,"column":4},"end":{"line":334,"column":5}},"121":{"start":{"line":333,"column":6},"end":{"line":333,"column":70}},"122":{"start":{"line":336,"column":27},"end":{"line":336,"column":50}},"123":{"start":{"line":337,"column":4},"end":{"line":339,"column":5}},"124":{"start":{"line":338,"column":6},"end":{"line":338,"column":75}},"125":{"start":{"line":341,"column":19},"end":{"line":347,"column":5}},"126":{"start":{"line":349,"column":4},"end":{"line":351,"column":5}},"127":{"start":{"line":350,"column":6},"end":{"line":350,"column":64}},"128":{"start":{"line":353,"column":4},"end":{"line":353,"column":40}},"129":{"start":{"line":355,"column":4},"end":{"line":355,"column":14}}},"fnMap":{"0":{"name":"(anonymous_0)","decl":{"start":{"line":16,"column":17},"end":{"line":16,"column":18}},"loc":{"start":{"line":16,"column":43},"end":{"line":134,"column":1}},"line":16},"1":{"name":"(anonymous_1)","decl":{"start":{"line":139,"column":40},"end":{"line":139,"column":41}},"loc":{"start":{"line":139,"column":66},"end":{"line":168,"column":1}},"line":139},"2":{"name":"(anonymous_2)","decl":{"start":{"line":155,"column":28},"end":{"line":155,"column":29}},"loc":{"start":{"line":155,"column":45},"end":{"line":161,"column":7}},"line":155},"3":{"name":"(anonymous_3)","decl":{"start":{"line":172,"column":28},"end":{"line":172,"column":29}},"loc":{"start":{"line":172,"column":54},"end":{"line":202,"column":1}},"line":172},"4":{"name":"(anonymous_4)","decl":{"start":{"line":189,"column":28},"end":{"line":189,"column":29}},"loc":{"start":{"line":189,"column":45},"end":{"line":195,"column":7}},"line":189},"5":{"name":"(anonymous_5)","decl":{"start":{"line":207,"column":32},"end":{"line":207,"column":33}},"loc":{"start":{"line":207,"column":58},"end":{"line":236,"column":1}},"line":207},"6":{"name":"(anonymous_6)","decl":{"start":{"line":223,"column":28},"end":{"line":223,"column":29}},"loc":{"start":{"line":223,"column":45},"end":{"line":229,"column":7}},"line":223},"7":{"name":"(anonymous_7)","decl":{"start":{"line":239,"column":19},"end":{"line":239,"column":20}},"loc":{"start":{"line":239,"column":45},"end":{"line":265,"column":1}},"line":239},"8":{"name":"(anonymous_8)","decl":{"start":{"line":272,"column":28},"end":{"line":272,"column":29}},"loc":{"start":{"line":272,"column":54},"end":{"line":319,"column":1}},"line":272},"9":{"name":"(anonymous_9)","decl":{"start":{"line":324,"column":28},"end":{"line":324,"column":29}},"loc":{"start":{"line":324,"column":54},"end":{"line":357,"column":1}},"line":324}},"branchMap":{"0":{"loc":{"start":{"line":20,"column":4},"end":{"line":22,"column":5}},"type":"if","locations":[{"start":{"line":20,"column":4},"end":{"line":22,"column":5}},{"start":{},"end":{}}],"line":20},"1":{"loc":{"start":{"line":20,"column":8},"end":{"line":20,"column":91}},"type":"binary-expr","locations":[{"start":{"line":20,"column":8},"end":{"line":20,"column":16}},{"start":{"line":20,"column":20},"end":{"line":20,"column":34}},{"start":{"line":20,"column":38},"end":{"line":20,"column":44}},{"start":{"line":20,"column":48},"end":{"line":20,"column":69}},{"start":{"line":20,"column":73},"end":{"line":20,"column":91}}],"line":20},"2":{"loc":{"start":{"line":29,"column":6},"end":{"line":31,"column":7}},"type":"if","locations":[{"start":{"line":29,"column":6},"end":{"line":31,"column":7}},{"start":{},"end":{}}],"line":29},"3":{"loc":{"start":{"line":29,"column":10},"end":{"line":29,"column":53}},"type":"binary-expr","locations":[{"start":{"line":29,"column":10},"end":{"line":29,"column":22}},{"start":{"line":29,"column":26},"end":{"line":29,"column":53}}],"line":29},"4":{"loc":{"start":{"line":43,"column":6},"end":{"line":45,"column":7}},"type":"if","locations":[{"start":{"line":43,"column":6},"end":{"line":45,"column":7}},{"start":{},"end":{}}],"line":43},"5":{"loc":{"start":{"line":43,"column":10},"end":{"line":43,"column":42}},"type":"binary-expr","locations":[{"start":{"line":43,"column":10},"end":{"line":43,"column":23}},{"start":{"line":43,"column":27},"end":{"line":43,"column":31}},{"start":{"line":43,"column":35},"end":{"line":43,"column":42}}],"line":43},"6":{"loc":{"start":{"line":55,"column":8},"end":{"line":57,"column":9}},"type":"if","locations":[{"start":{"line":55,"column":8},"end":{"line":57,"column":9}},{"start":{},"end":{}}],"line":55},"7":{"loc":{"start":{"line":55,"column":12},"end":{"line":55,"column":55}},"type":"binary-expr","locations":[{"start":{"line":55,"column":12},"end":{"line":55,"column":24}},{"start":{"line":55,"column":28},"end":{"line":55,"column":55}}],"line":55},"8":{"loc":{"start":{"line":61,"column":6},"end":{"line":63,"column":7}},"type":"if","locations":[{"start":{"line":61,"column":6},"end":{"line":63,"column":7}},{"start":{},"end":{}}],"line":61},"9":{"loc":{"start":{"line":89,"column":50},"end":{"line":89,"column":74}},"type":"binary-expr","locations":[{"start":{"line":89,"column":50},"end":{"line":89,"column":66}},{"start":{"line":89,"column":70},"end":{"line":89,"column":74}}],"line":89},"10":{"loc":{"start":{"line":114,"column":6},"end":{"line":125,"column":7}},"type":"if","locations":[{"start":{"line":114,"column":6},"end":{"line":125,"column":7}},{"start":{"line":123,"column":13},"end":{"line":125,"column":7}}],"line":114},"11":{"loc":{"start":{"line":119,"column":18},"end":{"line":119,"column":49}},"type":"binary-expr","locations":[{"start":{"line":119,"column":18},"end":{"line":119,"column":32}},{"start":{"line":119,"column":36},"end":{"line":119,"column":49}}],"line":119},"12":{"loc":{"start":{"line":142,"column":4},"end":{"line":144,"column":5}},"type":"if","locations":[{"start":{"line":142,"column":4},"end":{"line":144,"column":5}},{"start":{},"end":{}}],"line":142},"13":{"loc":{"start":{"line":175,"column":4},"end":{"line":177,"column":5}},"type":"if","locations":[{"start":{"line":175,"column":4},"end":{"line":177,"column":5}},{"start":{},"end":{}}],"line":175},"14":{"loc":{"start":{"line":210,"column":4},"end":{"line":212,"column":5}},"type":"if","locations":[{"start":{"line":210,"column":4},"end":{"line":212,"column":5}},{"start":{},"end":{}}],"line":210},"15":{"loc":{"start":{"line":242,"column":4},"end":{"line":244,"column":5}},"type":"if","locations":[{"start":{"line":242,"column":4},"end":{"line":244,"column":5}},{"start":{},"end":{}}],"line":242},"16":{"loc":{"start":{"line":252,"column":4},"end":{"line":254,"column":5}},"type":"if","locations":[{"start":{"line":252,"column":4},"end":{"line":254,"column":5}},{"start":{},"end":{}}],"line":252},"17":{"loc":{"start":{"line":275,"column":4},"end":{"line":277,"column":5}},"type":"if","locations":[{"start":{"line":275,"column":4},"end":{"line":277,"column":5}},{"start":{},"end":{}}],"line":275},"18":{"loc":{"start":{"line":280,"column":4},"end":{"line":284,"column":5}},"type":"if","locations":[{"start":{"line":280,"column":4},"end":{"line":284,"column":5}},{"start":{},"end":{}}],"line":280},"19":{"loc":{"start":{"line":280,"column":8},"end":{"line":280,"column":51}},"type":"binary-expr","locations":[{"start":{"line":280,"column":8},"end":{"line":280,"column":15}},{"start":{"line":280,"column":19},"end":{"line":280,"column":51}}],"line":280},"20":{"loc":{"start":{"line":292,"column":4},"end":{"line":294,"column":5}},"type":"if","locations":[{"start":{"line":292,"column":4},"end":{"line":294,"column":5}},{"start":{},"end":{}}],"line":292},"21":{"loc":{"start":{"line":301,"column":4},"end":{"line":305,"column":5}},"type":"if","locations":[{"start":{"line":301,"column":4},"end":{"line":305,"column":5}},{"start":{},"end":{}}],"line":301},"22":{"loc":{"start":{"line":327,"column":4},"end":{"line":329,"column":5}},"type":"if","locations":[{"start":{"line":327,"column":4},"end":{"line":329,"column":5}},{"start":{},"end":{}}],"line":327},"23":{"loc":{"start":{"line":332,"column":4},"end":{"line":334,"column":5}},"type":"if","locations":[{"start":{"line":332,"column":4},"end":{"line":334,"column":5}},{"start":{},"end":{}}],"line":332},"24":{"loc":{"start":{"line":337,"column":4},"end":{"line":339,"column":5}},"type":"if","locations":[{"start":{"line":337,"column":4},"end":{"line":339,"column":5}},{"start":{},"end":{}}],"line":337},"25":{"loc":{"start":{"line":349,"column":4},"end":{"line":351,"column":5}},"type":"if","locations":[{"start":{"line":349,"column":4},"end":{"line":351,"column":5}},{"start":{},"end":{}}],"line":349}},"s":{"0":1,"1":1,"2":1,"3":6,"4":6,"5":6,"6":3,"7":3,"8":3,"9":1,"10":1,"11":0,"12":2,"13":2,"14":2,"15":2,"16":2,"17":1,"18":1,"19":1,"20":1,"21":0,"22":0,"23":0,"24":1,"25":0,"26":1,"27":1,"28":1,"29":1,"30":1,"31":1,"32":1,"33":1,"34":1,"35":1,"36":1,"37":1,"38":0,"39":0,"40":1,"41":1,"42":1,"43":1,"44":0,"45":0,"46":0,"47":1,"48":0,"49":1,"50":0,"51":1,"52":0,"53":0,"54":0,"55":0,"56":0,"57":0,"58":0,"59":0,"60":0,"61":0,"62":1,"63":0,"64":0,"65":0,"66":0,"67":0,"68":0,"69":0,"70":0,"71":0,"72":0,"73":1,"74":0,"75":0,"76":0,"77":0,"78":0,"79":0,"80":0,"81":0,"82":0,"83":0,"84":1,"85":0,"86":0,"87":0,"88":0,"89":0,"90":0,"91":0,"92":0,"93":0,"94":0,"95":1,"96":6,"97":6,"98":6,"99":1,"100":5,"101":5,"102":1,"103":4,"104":4,"105":1,"106":3,"107":3,"108":3,"109":3,"110":2,"111":1,"112":1,"113":0,"114":1,"115":0,"116":0,"117":0,"118":0,"119":0,"120":0,"121":0,"122":0,"123":0,"124":0,"125":0,"126":0,"127":0,"128":0,"129":0},"f":{"0":6,"1":0,"2":0,"3":0,"4":0,"5":0,"6":0,"7":0,"8":6,"9":0},"b":{"0":[3,3],"1":[6,5,5,5,4],"2":[1,0],"3":[1,1],"4":[1,1],"5":[2,2,1],"6":[0,0],"7":[0,0],"8":[0,1],"9":[1,1],"10":[0,1],"11":[0,0],"12":[0,0],"13":[0,0],"14":[0,0],"15":[0,0],"16":[0,0],"17":[1,5],"18":[1,4],"19":[5,5],"20":[1,3],"21":[2,1],"22":[0,0],"23":[0,0],"24":[0,0],"25":[0,0]},"inputSourceMap":null,"_coverageSchema":"1a1c01bbd47fc00a2c39e90264f33305004495a9","hash":"b63e2f61a0998c9c47738568359b6ecc955e1850"}
}
