TN:
SF:src/app.js
FN:15,(anonymous_0)
FN:23,(anonymous_1)
FNF:2
FNH:1
FNDA:1,(anonymous_0)
FNDA:0,(anonymous_1)
DA:8,1
DA:11,1
DA:12,1
DA:15,1
DA:16,1
DA:19,1
DA:23,1
DA:24,0
DA:25,0
DA:26,0
LF:10
LH:7
BRDA:25,0,0,0
BRDA:25,0,1,0
BRDA:25,0,2,0
BRDA:26,1,0,0
BRDA:26,1,1,0
BRF:5
BRH:0
end_of_record
TN:
SF:src/config.js
FNF:0
FNH:0
DA:2,1
LF:1
LH:1
BRDA:3,0,0,1
BRDA:3,0,1,1
BRDA:4,1,0,1
BRDA:4,1,1,0
BRDA:7,2,0,1
BRDA:7,2,1,1
BRDA:8,3,0,1
BRDA:8,3,1,1
BRDA:9,4,0,1
BRDA:9,4,1,1
BRDA:10,5,0,1
BRDA:10,5,1,1
BRDA:11,6,0,1
BRDA:11,6,1,1
BRDA:15,7,0,1
BRDA:15,7,1,1
BRDA:16,8,0,1
BRDA:16,8,1,1
BRDA:17,9,0,1
BRDA:17,9,1,1
BRF:20
BRH:19
end_of_record
TN:
SF:src/db.js
FN:15,(anonymous_0)
FNF:1
FNH:0
FNDA:0,(anonymous_0)
DA:5,0
DA:15,0
DA:16,0
LF:3
LH:0
BRF:0
BRH:0
end_of_record
TN:
SF:src/rabbitmq.js
FN:14,(anonymous_0)
FN:31,(anonymous_1)
FN:45,(anonymous_2)
FN:50,(anonymous_3)
FN:54,(anonymous_4)
FN:63,(anonymous_5)
FN:70,(anonymous_6)
FNF:7
FNH:0
FNDA:0,(anonymous_0)
FNDA:0,(anonymous_1)
FNDA:0,(anonymous_2)
FNDA:0,(anonymous_3)
FNDA:0,(anonymous_4)
FNDA:0,(anonymous_5)
FNDA:0,(anonymous_6)
DA:3,0
DA:4,0
DA:6,0
DA:7,0
DA:8,0
DA:14,0
DA:15,0
DA:17,0
DA:19,0
DA:20,0
DA:21,0
DA:24,0
DA:31,0
DA:32,0
DA:33,0
DA:34,0
DA:35,0
DA:37,0
DA:42,0
DA:45,0
DA:46,0
DA:47,0
DA:48,0
DA:49,0
DA:50,0
DA:54,0
DA:55,0
DA:58,0
DA:59,0
DA:60,0
DA:61,0
DA:62,0
DA:63,0
DA:64,0
DA:66,0
DA:70,0
LF:36
LH:0
BRDA:15,0,0,0
BRDA:15,0,1,0
BRDA:15,1,0,0
BRDA:15,1,1,0
BRDA:19,2,0,0
BRDA:19,2,1,0
BRDA:20,3,0,0
BRDA:20,3,1,0
BRDA:21,4,0,0
BRDA:21,4,1,0
BRDA:31,5,0,0
BRDA:46,6,0,0
BRDA:46,6,1,0
BRDA:60,7,0,0
BRDA:60,7,1,0
BRF:15
BRH:0
end_of_record
TN:
SF:src/routes/orders.js
FN:16,(anonymous_0)
FN:139,(anonymous_1)
FN:155,(anonymous_2)
FN:172,(anonymous_3)
FN:189,(anonymous_4)
FN:207,(anonymous_5)
FN:223,(anonymous_6)
FN:239,(anonymous_7)
FN:272,(anonymous_8)
FN:324,(anonymous_9)
FNF:10
FNH:2
FNDA:6,(anonymous_0)
FNDA:0,(anonymous_1)
FNDA:0,(anonymous_2)
FNDA:0,(anonymous_3)
FNDA:0,(anonymous_4)
FNDA:0,(anonymous_5)
FNDA:0,(anonymous_6)
FNDA:0,(anonymous_7)
FNDA:6,(anonymous_8)
FNDA:0,(anonymous_9)
DA:8,1
DA:11,1
DA:16,1
DA:17,6
DA:18,6
DA:20,6
DA:21,3
DA:26,3
DA:27,3
DA:29,1
DA:30,1
DA:32,0
DA:37,2
DA:38,2
DA:40,2
DA:41,2
DA:43,2
DA:44,1
DA:48,1
DA:49,1
DA:53,1
DA:55,0
DA:56,0
DA:58,0
DA:61,1
DA:62,0
DA:65,1
DA:66,1
DA:68,1
DA:77,1
DA:80,1
DA:82,1
DA:83,1
DA:85,1
DA:92,1
DA:95,1
DA:96,1
DA:103,1
DA:105,0
DA:106,0
DA:108,1
DA:112,1
DA:113,1
DA:114,1
DA:115,0
DA:121,0
DA:122,0
DA:124,1
DA:127,0
DA:130,1
DA:132,0
DA:139,1
DA:140,0
DA:141,0
DA:142,0
DA:143,0
DA:146,0
DA:154,0
DA:156,0
DA:160,0
DA:164,0
DA:166,0
DA:172,1
DA:173,0
DA:174,0
DA:175,0
DA:176,0
DA:179,0
DA:188,0
DA:190,0
DA:194,0
DA:198,0
DA:200,0
DA:207,1
DA:208,0
DA:209,0
DA:210,0
DA:211,0
DA:214,0
DA:222,0
DA:224,0
DA:228,0
DA:232,0
DA:234,0
DA:239,1
DA:240,0
DA:241,0
DA:242,0
DA:243,0
DA:246,0
DA:252,0
DA:253,0
DA:256,0
DA:261,0
DA:263,0
DA:272,1
DA:273,6
DA:274,6
DA:275,6
DA:276,1
DA:279,5
DA:280,5
DA:281,1
DA:287,4
DA:292,4
DA:293,1
DA:296,3
DA:297,3
DA:298,3
DA:301,3
DA:302,2
DA:307,1
DA:315,1
DA:317,0
DA:324,1
DA:325,0
DA:326,0
DA:327,0
DA:328,0
DA:331,0
DA:332,0
DA:333,0
DA:336,0
DA:337,0
DA:338,0
DA:341,0
DA:349,0
DA:350,0
DA:353,0
DA:355,0
LF:130
LH:62
BRDA:20,0,0,3
BRDA:20,0,1,3
BRDA:20,1,0,6
BRDA:20,1,1,5
BRDA:20,1,2,5
BRDA:20,1,3,5
BRDA:20,1,4,4
BRDA:29,2,0,1
BRDA:29,2,1,0
BRDA:29,3,0,1
BRDA:29,3,1,1
BRDA:43,4,0,1
BRDA:43,4,1,1
BRDA:43,5,0,2
BRDA:43,5,1,2
BRDA:43,5,2,1
BRDA:55,6,0,0
BRDA:55,6,1,0
BRDA:55,7,0,0
BRDA:55,7,1,0
BRDA:61,8,0,0
BRDA:61,8,1,1
BRDA:89,9,0,1
BRDA:89,9,1,1
BRDA:114,10,0,0
BRDA:114,10,1,1
BRDA:119,11,0,0
BRDA:119,11,1,0
BRDA:142,12,0,0
BRDA:142,12,1,0
BRDA:175,13,0,0
BRDA:175,13,1,0
BRDA:210,14,0,0
BRDA:210,14,1,0
BRDA:242,15,0,0
BRDA:242,15,1,0
BRDA:252,16,0,0
BRDA:252,16,1,0
BRDA:275,17,0,1
BRDA:275,17,1,5
BRDA:280,18,0,1
BRDA:280,18,1,4
BRDA:280,19,0,5
BRDA:280,19,1,5
BRDA:292,20,0,1
BRDA:292,20,1,3
BRDA:301,21,0,2
BRDA:301,21,1,1
BRDA:327,22,0,0
BRDA:327,22,1,0
BRDA:332,23,0,0
BRDA:332,23,1,0
BRDA:337,24,0,0
BRDA:337,24,1,0
BRDA:349,25,0,0
BRDA:349,25,1,0
BRF:56
BRH:29
end_of_record
