{"/home/ahmed/food-delivery-system-CloudComputing/services/restaurant-service/src/app.js": {"path":"/home/ahmed/food-delivery-system-CloudComputing/services/restaurant-service/src/app.js","statementMap":{"0":{"start":{"line":7,"column":12},"end":{"line":7,"column":21}},"1":{"start":{"line":10,"column":0},"end":{"line":10,"column":16}},"2":{"start":{"line":11,"column":0},"end":{"line":11,"column":24}},"3":{"start":{"line":12,"column":0},"end":{"line":15,"column":3}},"4":{"start":{"line":13,"column":2},"end":{"line":13,"column":63}},"5":{"start":{"line":14,"column":2},"end":{"line":14,"column":9}},"6":{"start":{"line":18,"column":0},"end":{"line":20,"column":3}},"7":{"start":{"line":19,"column":2},"end":{"line":19,"column":60}},"8":{"start":{"line":22,"column":0},"end":{"line":22,"column":46}},"9":{"start":{"line":23,"column":0},"end":{"line":23,"column":39}},"10":{"start":{"line":27,"column":0},"end":{"line":31,"column":3}},"11":{"start":{"line":28,"column":2},"end":{"line":28,"column":40}},"12":{"start":{"line":29,"column":17},"end":{"line":29,"column":52}},"13":{"start":{"line":30,"column":2},"end":{"line":30,"column":77}}},"fnMap":{"0":{"name":"(anonymous_0)","decl":{"start":{"line":12,"column":8},"end":{"line":12,"column":9}},"loc":{"start":{"line":12,"column":28},"end":{"line":15,"column":1}},"line":12},"1":{"name":"(anonymous_1)","decl":{"start":{"line":18,"column":19},"end":{"line":18,"column":20}},"loc":{"start":{"line":18,"column":34},"end":{"line":20,"column":1}},"line":18},"2":{"name":"(anonymous_2)","decl":{"start":{"line":27,"column":8},"end":{"line":27,"column":9}},"loc":{"start":{"line":27,"column":35},"end":{"line":31,"column":1}},"line":27}},"branchMap":{"0":{"loc":{"start":{"line":29,"column":17},"end":{"line":29,"column":52}},"type":"binary-expr","locations":[{"start":{"line":29,"column":17},"end":{"line":29,"column":27}},{"start":{"line":29,"column":31},"end":{"line":29,"column":45}},{"start":{"line":29,"column":49},"end":{"line":29,"column":52}}],"line":29},"1":{"loc":{"start":{"line":30,"column":35},"end":{"line":30,"column":73}},"type":"binary-expr","locations":[{"start":{"line":30,"column":35},"end":{"line":30,"column":46}},{"start":{"line":30,"column":50},"end":{"line":30,"column":73}}],"line":30}},"s":{"0":1,"1":1,"2":1,"3":1,"4":17,"5":17,"6":1,"7":1,"8":1,"9":1,"10":1,"11":0,"12":0,"13":0},"f":{"0":17,"1":1,"2":0},"b":{"0":[0,0,0],"1":[0,0]},"inputSourceMap":null,"_coverageSchema":"1a1c01bbd47fc00a2c39e90264f33305004495a9","hash":"e97f7afaaec64cab7d81a4037451aee9bbcb3fdd"}
,"/home/ahmed/food-delivery-system-CloudComputing/services/restaurant-service/src/config.js": {"path":"/home/ahmed/food-delivery-system-CloudComputing/services/restaurant-service/src/config.js","statementMap":{"0":{"start":{"line":2,"column":15},"end":{"line":13,"column":1}}},"fnMap":{},"branchMap":{"0":{"loc":{"start":{"line":3,"column":17},"end":{"line":3,"column":43}},"type":"binary-expr","locations":[{"start":{"line":3,"column":17},"end":{"line":3,"column":33}},{"start":{"line":3,"column":37},"end":{"line":3,"column":43}}],"line":3},"1":{"loc":{"start":{"line":4,"column":11},"end":{"line":4,"column":48}},"type":"binary-expr","locations":[{"start":{"line":4,"column":11},"end":{"line":4,"column":31}},{"start":{"line":4,"column":35},"end":{"line":4,"column":48}}],"line":4},"2":{"loc":{"start":{"line":7,"column":10},"end":{"line":7,"column":44}},"type":"binary-expr","locations":[{"start":{"line":7,"column":10},"end":{"line":7,"column":29}},{"start":{"line":7,"column":33},"end":{"line":7,"column":44}}],"line":7},"3":{"loc":{"start":{"line":8,"column":19},"end":{"line":8,"column":48}},"type":"binary-expr","locations":[{"start":{"line":8,"column":19},"end":{"line":8,"column":38}},{"start":{"line":8,"column":42},"end":{"line":8,"column":48}}],"line":8},"4":{"loc":{"start":{"line":9,"column":10},"end":{"line":9,"column":43}},"type":"binary-expr","locations":[{"start":{"line":9,"column":10},"end":{"line":9,"column":29}},{"start":{"line":9,"column":33},"end":{"line":9,"column":43}}],"line":9},"5":{"loc":{"start":{"line":10,"column":14},"end":{"line":10,"column":51}},"type":"binary-expr","locations":[{"start":{"line":10,"column":14},"end":{"line":10,"column":37}},{"start":{"line":10,"column":41},"end":{"line":10,"column":51}}],"line":10},"6":{"loc":{"start":{"line":11,"column":14},"end":{"line":11,"column":52}},"type":"binary-expr","locations":[{"start":{"line":11,"column":14},"end":{"line":11,"column":33}},{"start":{"line":11,"column":37},"end":{"line":11,"column":52}}],"line":11}},"s":{"0":0},"f":{},"b":{"0":[0,0],"1":[0,0],"2":[0,0],"3":[0,0],"4":[0,0],"5":[0,0],"6":[0,0]},"inputSourceMap":null}
,"/home/ahmed/food-delivery-system-CloudComputing/services/restaurant-service/src/db.js": {"path":"/home/ahmed/food-delivery-system-CloudComputing/services/restaurant-service/src/db.js","statementMap":{"0":{"start":{"line":5,"column":13},"end":{"line":13,"column":2}},"1":{"start":{"line":15,"column":0},"end":{"line":17,"column":3}},"2":{"start":{"line":16,"column":2},"end":{"line":16,"column":60}}},"fnMap":{"0":{"name":"(anonymous_0)","decl":{"start":{"line":15,"column":17},"end":{"line":15,"column":18}},"loc":{"start":{"line":15,"column":26},"end":{"line":17,"column":1}},"line":15}},"branchMap":{},"s":{"0":0,"1":0,"2":0},"f":{"0":0},"b":{},"inputSourceMap":null}
,"/home/ahmed/food-delivery-system-CloudComputing/services/restaurant-service/src/routes/menu.js": {"path":"/home/ahmed/food-delivery-system-CloudComputing/services/restaurant-service/src/routes/menu.js","statementMap":{"0":{"start":{"line":6,"column":15},"end":{"line":6,"column":31}},"1":{"start":{"line":11,"column":0},"end":{"line":32,"column":3}},"2":{"start":{"line":12,"column":2},"end":{"line":31,"column":3}},"3":{"start":{"line":13,"column":19},"end":{"line":13,"column":46}},"4":{"start":{"line":14,"column":4},"end":{"line":16,"column":5}},"5":{"start":{"line":15,"column":6},"end":{"line":15,"column":69}},"6":{"start":{"line":18,"column":19},"end":{"line":22,"column":5}},"7":{"start":{"line":24,"column":4},"end":{"line":26,"column":5}},"8":{"start":{"line":25,"column":6},"end":{"line":25,"column":68}},"9":{"start":{"line":28,"column":4},"end":{"line":28,"column":39}},"10":{"start":{"line":30,"column":4},"end":{"line":30,"column":14}},"11":{"start":{"line":37,"column":0},"end":{"line":83,"column":3}},"12":{"start":{"line":38,"column":2},"end":{"line":82,"column":3}},"13":{"start":{"line":39,"column":19},"end":{"line":39,"column":46}},"14":{"start":{"line":40,"column":4},"end":{"line":42,"column":5}},"15":{"start":{"line":41,"column":6},"end":{"line":41,"column":69}},"16":{"start":{"line":44,"column":66},"end":{"line":44,"column":74}},"17":{"start":{"line":46,"column":21},"end":{"line":49,"column":5}},"18":{"start":{"line":50,"column":4},"end":{"line":52,"column":5}},"19":{"start":{"line":51,"column":6},"end":{"line":51,"column":68}},"20":{"start":{"line":55,"column":24},"end":{"line":55,"column":70}},"21":{"start":{"line":56,"column":4},"end":{"line":58,"column":5}},"22":{"start":{"line":57,"column":6},"end":{"line":57,"column":86}},"23":{"start":{"line":60,"column":19},"end":{"line":77,"column":5}},"24":{"start":{"line":79,"column":4},"end":{"line":79,"column":39}},"25":{"start":{"line":81,"column":4},"end":{"line":81,"column":14}},"26":{"start":{"line":88,"column":0},"end":{"line":108,"column":3}},"27":{"start":{"line":89,"column":2},"end":{"line":107,"column":3}},"28":{"start":{"line":90,"column":19},"end":{"line":90,"column":46}},"29":{"start":{"line":91,"column":4},"end":{"line":93,"column":5}},"30":{"start":{"line":92,"column":6},"end":{"line":92,"column":69}},"31":{"start":{"line":95,"column":19},"end":{"line":98,"column":5}},"32":{"start":{"line":100,"column":4},"end":{"line":102,"column":5}},"33":{"start":{"line":101,"column":6},"end":{"line":101,"column":68}},"34":{"start":{"line":104,"column":4},"end":{"line":104,"column":59}},"35":{"start":{"line":106,"column":4},"end":{"line":106,"column":14}}},"fnMap":{"0":{"name":"(anonymous_0)","decl":{"start":{"line":11,"column":19},"end":{"line":11,"column":20}},"loc":{"start":{"line":11,"column":45},"end":{"line":32,"column":1}},"line":11},"1":{"name":"(anonymous_1)","decl":{"start":{"line":37,"column":19},"end":{"line":37,"column":20}},"loc":{"start":{"line":37,"column":45},"end":{"line":83,"column":1}},"line":37},"2":{"name":"(anonymous_2)","decl":{"start":{"line":88,"column":22},"end":{"line":88,"column":23}},"loc":{"start":{"line":88,"column":48},"end":{"line":108,"column":1}},"line":88}},"branchMap":{"0":{"loc":{"start":{"line":14,"column":4},"end":{"line":16,"column":5}},"type":"if","locations":[{"start":{"line":14,"column":4},"end":{"line":16,"column":5}},{"start":{},"end":{}}],"line":14},"1":{"loc":{"start":{"line":24,"column":4},"end":{"line":26,"column":5}},"type":"if","locations":[{"start":{"line":24,"column":4},"end":{"line":26,"column":5}},{"start":{},"end":{}}],"line":24},"2":{"loc":{"start":{"line":40,"column":4},"end":{"line":42,"column":5}},"type":"if","locations":[{"start":{"line":40,"column":4},"end":{"line":42,"column":5}},{"start":{},"end":{}}],"line":40},"3":{"loc":{"start":{"line":50,"column":4},"end":{"line":52,"column":5}},"type":"if","locations":[{"start":{"line":50,"column":4},"end":{"line":52,"column":5}},{"start":{},"end":{}}],"line":50},"4":{"loc":{"start":{"line":55,"column":24},"end":{"line":55,"column":70}},"type":"cond-expr","locations":[{"start":{"line":55,"column":46},"end":{"line":55,"column":63}},{"start":{"line":55,"column":66},"end":{"line":55,"column":70}}],"line":55},"5":{"loc":{"start":{"line":56,"column":4},"end":{"line":58,"column":5}},"type":"if","locations":[{"start":{"line":56,"column":4},"end":{"line":58,"column":5}},{"start":{},"end":{}}],"line":56},"6":{"loc":{"start":{"line":56,"column":8},"end":{"line":56,"column":71}},"type":"binary-expr","locations":[{"start":{"line":56,"column":8},"end":{"line":56,"column":28}},{"start":{"line":56,"column":33},"end":{"line":56,"column":51}},{"start":{"line":56,"column":55},"end":{"line":56,"column":70}}],"line":56},"7":{"loc":{"start":{"line":70,"column":8},"end":{"line":70,"column":20}},"type":"binary-expr","locations":[{"start":{"line":70,"column":8},"end":{"line":70,"column":12}},{"start":{"line":70,"column":16},"end":{"line":70,"column":20}}],"line":70},"8":{"loc":{"start":{"line":71,"column":8},"end":{"line":71,"column":54}},"type":"cond-expr","locations":[{"start":{"line":71,"column":36},"end":{"line":71,"column":47}},{"start":{"line":71,"column":50},"end":{"line":71,"column":54}}],"line":71},"9":{"loc":{"start":{"line":73,"column":8},"end":{"line":73,"column":50}},"type":"cond-expr","locations":[{"start":{"line":73,"column":34},"end":{"line":73,"column":43}},{"start":{"line":73,"column":46},"end":{"line":73,"column":50}}],"line":73},"10":{"loc":{"start":{"line":74,"column":8},"end":{"line":74,"column":56}},"type":"cond-expr","locations":[{"start":{"line":74,"column":37},"end":{"line":74,"column":49}},{"start":{"line":74,"column":52},"end":{"line":74,"column":56}}],"line":74},"11":{"loc":{"start":{"line":91,"column":4},"end":{"line":93,"column":5}},"type":"if","locations":[{"start":{"line":91,"column":4},"end":{"line":93,"column":5}},{"start":{},"end":{}}],"line":91},"12":{"loc":{"start":{"line":100,"column":4},"end":{"line":102,"column":5}},"type":"if","locations":[{"start":{"line":100,"column":4},"end":{"line":102,"column":5}},{"start":{},"end":{}}],"line":100}},"s":{"0":1,"1":1,"2":3,"3":3,"4":3,"5":1,"6":2,"7":2,"8":1,"9":1,"10":0,"11":1,"12":1,"13":1,"14":1,"15":0,"16":1,"17":1,"18":1,"19":0,"20":1,"21":1,"22":1,"23":0,"24":0,"25":0,"26":1,"27":2,"28":2,"29":2,"30":0,"31":2,"32":2,"33":1,"34":1,"35":0},"f":{"0":3,"1":1,"2":2},"b":{"0":[1,2],"1":[1,1],"2":[0,1],"3":[0,1],"4":[1,0],"5":[1,0],"6":[1,1,1],"7":[0,0],"8":[0,0],"9":[0,0],"10":[0,0],"11":[0,2],"12":[1,1]},"inputSourceMap":null,"_coverageSchema":"1a1c01bbd47fc00a2c39e90264f33305004495a9","hash":"c3dadbe04f87d0f7d5437c3ff0b34c7046fb018a"}
,"/home/ahmed/food-delivery-system-CloudComputing/services/restaurant-service/src/routes/restaurants.js": {"path":"/home/ahmed/food-delivery-system-CloudComputing/services/restaurant-service/src/routes/restaurants.js","statementMap":{"0":{"start":{"line":5,"column":15},"end":{"line":5,"column":31}},"1":{"start":{"line":9,"column":0},"end":{"line":18,"column":3}},"2":{"start":{"line":10,"column":2},"end":{"line":17,"column":3}},"3":{"start":{"line":11,"column":19},"end":{"line":13,"column":5}},"4":{"start":{"line":14,"column":4},"end":{"line":14,"column":43}},"5":{"start":{"line":16,"column":4},"end":{"line":16,"column":14}},"6":{"start":{"line":23,"column":0},"end":{"line":54,"column":3}},"7":{"start":{"line":24,"column":2},"end":{"line":53,"column":3}},"8":{"start":{"line":25,"column":25},"end":{"line":25,"column":52}},"9":{"start":{"line":26,"column":4},"end":{"line":28,"column":5}},"10":{"start":{"line":27,"column":6},"end":{"line":27,"column":70}},"11":{"start":{"line":30,"column":29},"end":{"line":33,"column":5}},"12":{"start":{"line":35,"column":4},"end":{"line":37,"column":5}},"13":{"start":{"line":36,"column":6},"end":{"line":36,"column":69}},"14":{"start":{"line":39,"column":23},"end":{"line":45,"column":5}},"15":{"start":{"line":47,"column":4},"end":{"line":50,"column":7}},"16":{"start":{"line":52,"column":4},"end":{"line":52,"column":14}},"17":{"start":{"line":58,"column":0},"end":{"line":77,"column":3}},"18":{"start":{"line":59,"column":2},"end":{"line":76,"column":3}},"19":{"start":{"line":60,"column":25},"end":{"line":60,"column":52}},"20":{"start":{"line":61,"column":4},"end":{"line":63,"column":5}},"21":{"start":{"line":62,"column":6},"end":{"line":62,"column":70}},"22":{"start":{"line":65,"column":19},"end":{"line":71,"column":5}},"23":{"start":{"line":73,"column":4},"end":{"line":73,"column":36}},"24":{"start":{"line":75,"column":4},"end":{"line":75,"column":14}},"25":{"start":{"line":82,"column":0},"end":{"line":101,"column":3}},"26":{"start":{"line":83,"column":2},"end":{"line":100,"column":3}},"27":{"start":{"line":84,"column":58},"end":{"line":84,"column":66}},"28":{"start":{"line":86,"column":4},"end":{"line":88,"column":5}},"29":{"start":{"line":87,"column":6},"end":{"line":87,"column":65}},"30":{"start":{"line":90,"column":19},"end":{"line":95,"column":5}},"31":{"start":{"line":97,"column":4},"end":{"line":97,"column":57}},"32":{"start":{"line":99,"column":4},"end":{"line":99,"column":14}},"33":{"start":{"line":106,"column":0},"end":{"line":139,"column":3}},"34":{"start":{"line":107,"column":2},"end":{"line":138,"column":3}},"35":{"start":{"line":108,"column":25},"end":{"line":108,"column":52}},"36":{"start":{"line":109,"column":4},"end":{"line":111,"column":5}},"37":{"start":{"line":110,"column":6},"end":{"line":110,"column":70}},"38":{"start":{"line":113,"column":58},"end":{"line":113,"column":66}},"39":{"start":{"line":115,"column":21},"end":{"line":118,"column":5}},"40":{"start":{"line":119,"column":4},"end":{"line":121,"column":5}},"41":{"start":{"line":120,"column":6},"end":{"line":120,"column":69}},"42":{"start":{"line":123,"column":19},"end":{"line":133,"column":5}},"43":{"start":{"line":135,"column":4},"end":{"line":135,"column":45}},"44":{"start":{"line":137,"column":4},"end":{"line":137,"column":14}},"45":{"start":{"line":143,"column":0},"end":{"line":172,"column":3}},"46":{"start":{"line":144,"column":2},"end":{"line":171,"column":3}},"47":{"start":{"line":145,"column":25},"end":{"line":145,"column":52}},"48":{"start":{"line":146,"column":4},"end":{"line":148,"column":5}},"49":{"start":{"line":147,"column":6},"end":{"line":147,"column":70}},"50":{"start":{"line":150,"column":52},"end":{"line":150,"column":60}},"51":{"start":{"line":152,"column":4},"end":{"line":154,"column":5}},"52":{"start":{"line":153,"column":6},"end":{"line":153,"column":76}},"53":{"start":{"line":156,"column":24},"end":{"line":156,"column":41}},"54":{"start":{"line":157,"column":4},"end":{"line":159,"column":5}},"55":{"start":{"line":158,"column":6},"end":{"line":158,"column":86}},"56":{"start":{"line":161,"column":19},"end":{"line":166,"column":5}},"57":{"start":{"line":168,"column":4},"end":{"line":168,"column":51}},"58":{"start":{"line":170,"column":4},"end":{"line":170,"column":14}}},"fnMap":{"0":{"name":"(anonymous_0)","decl":{"start":{"line":9,"column":16},"end":{"line":9,"column":17}},"loc":{"start":{"line":9,"column":43},"end":{"line":18,"column":1}},"line":9},"1":{"name":"(anonymous_1)","decl":{"start":{"line":23,"column":19},"end":{"line":23,"column":20}},"loc":{"start":{"line":23,"column":45},"end":{"line":54,"column":1}},"line":23},"2":{"name":"(anonymous_2)","decl":{"start":{"line":58,"column":24},"end":{"line":58,"column":25}},"loc":{"start":{"line":58,"column":50},"end":{"line":77,"column":1}},"line":58},"3":{"name":"(anonymous_3)","decl":{"start":{"line":82,"column":17},"end":{"line":82,"column":18}},"loc":{"start":{"line":82,"column":43},"end":{"line":101,"column":1}},"line":82},"4":{"name":"(anonymous_4)","decl":{"start":{"line":106,"column":19},"end":{"line":106,"column":20}},"loc":{"start":{"line":106,"column":45},"end":{"line":139,"column":1}},"line":106},"5":{"name":"(anonymous_5)","decl":{"start":{"line":143,"column":25},"end":{"line":143,"column":26}},"loc":{"start":{"line":143,"column":51},"end":{"line":172,"column":1}},"line":143}},"branchMap":{"0":{"loc":{"start":{"line":26,"column":4},"end":{"line":28,"column":5}},"type":"if","locations":[{"start":{"line":26,"column":4},"end":{"line":28,"column":5}},{"start":{},"end":{}}],"line":26},"1":{"loc":{"start":{"line":35,"column":4},"end":{"line":37,"column":5}},"type":"if","locations":[{"start":{"line":35,"column":4},"end":{"line":37,"column":5}},{"start":{},"end":{}}],"line":35},"2":{"loc":{"start":{"line":61,"column":4},"end":{"line":63,"column":5}},"type":"if","locations":[{"start":{"line":61,"column":4},"end":{"line":63,"column":5}},{"start":{},"end":{}}],"line":61},"3":{"loc":{"start":{"line":86,"column":4},"end":{"line":88,"column":5}},"type":"if","locations":[{"start":{"line":86,"column":4},"end":{"line":88,"column":5}},{"start":{},"end":{}}],"line":86},"4":{"loc":{"start":{"line":94,"column":13},"end":{"line":94,"column":28}},"type":"binary-expr","locations":[{"start":{"line":94,"column":13},"end":{"line":94,"column":20}},{"start":{"line":94,"column":24},"end":{"line":94,"column":28}}],"line":94},"5":{"loc":{"start":{"line":94,"column":30},"end":{"line":94,"column":45}},"type":"binary-expr","locations":[{"start":{"line":94,"column":30},"end":{"line":94,"column":37}},{"start":{"line":94,"column":41},"end":{"line":94,"column":45}}],"line":94},"6":{"loc":{"start":{"line":94,"column":47},"end":{"line":94,"column":64}},"type":"binary-expr","locations":[{"start":{"line":94,"column":47},"end":{"line":94,"column":56}},{"start":{"line":94,"column":60},"end":{"line":94,"column":64}}],"line":94},"7":{"loc":{"start":{"line":94,"column":66},"end":{"line":94,"column":79}},"type":"binary-expr","locations":[{"start":{"line":94,"column":66},"end":{"line":94,"column":72}},{"start":{"line":94,"column":76},"end":{"line":94,"column":79}}],"line":94},"8":{"loc":{"start":{"line":109,"column":4},"end":{"line":111,"column":5}},"type":"if","locations":[{"start":{"line":109,"column":4},"end":{"line":111,"column":5}},{"start":{},"end":{}}],"line":109},"9":{"loc":{"start":{"line":119,"column":4},"end":{"line":121,"column":5}},"type":"if","locations":[{"start":{"line":119,"column":4},"end":{"line":121,"column":5}},{"start":{},"end":{}}],"line":119},"10":{"loc":{"start":{"line":132,"column":7},"end":{"line":132,"column":19}},"type":"binary-expr","locations":[{"start":{"line":132,"column":7},"end":{"line":132,"column":11}},{"start":{"line":132,"column":15},"end":{"line":132,"column":19}}],"line":132},"11":{"loc":{"start":{"line":132,"column":21},"end":{"line":132,"column":36}},"type":"binary-expr","locations":[{"start":{"line":132,"column":21},"end":{"line":132,"column":28}},{"start":{"line":132,"column":32},"end":{"line":132,"column":36}}],"line":132},"12":{"loc":{"start":{"line":132,"column":38},"end":{"line":132,"column":53}},"type":"binary-expr","locations":[{"start":{"line":132,"column":38},"end":{"line":132,"column":45}},{"start":{"line":132,"column":49},"end":{"line":132,"column":53}}],"line":132},"13":{"loc":{"start":{"line":132,"column":55},"end":{"line":132,"column":72}},"type":"binary-expr","locations":[{"start":{"line":132,"column":55},"end":{"line":132,"column":64}},{"start":{"line":132,"column":68},"end":{"line":132,"column":72}}],"line":132},"14":{"loc":{"start":{"line":132,"column":74},"end":{"line":132,"column":88}},"type":"binary-expr","locations":[{"start":{"line":132,"column":74},"end":{"line":132,"column":80}},{"start":{"line":132,"column":84},"end":{"line":132,"column":88}}],"line":132},"15":{"loc":{"start":{"line":146,"column":4},"end":{"line":148,"column":5}},"type":"if","locations":[{"start":{"line":146,"column":4},"end":{"line":148,"column":5}},{"start":{},"end":{}}],"line":146},"16":{"loc":{"start":{"line":152,"column":4},"end":{"line":154,"column":5}},"type":"if","locations":[{"start":{"line":152,"column":4},"end":{"line":154,"column":5}},{"start":{},"end":{}}],"line":152},"17":{"loc":{"start":{"line":152,"column":8},"end":{"line":152,"column":54}},"type":"binary-expr","locations":[{"start":{"line":152,"column":8},"end":{"line":152,"column":13}},{"start":{"line":152,"column":17},"end":{"line":152,"column":36}},{"start":{"line":152,"column":40},"end":{"line":152,"column":54}}],"line":152},"18":{"loc":{"start":{"line":157,"column":4},"end":{"line":159,"column":5}},"type":"if","locations":[{"start":{"line":157,"column":4},"end":{"line":159,"column":5}},{"start":{},"end":{}}],"line":157},"19":{"loc":{"start":{"line":157,"column":8},"end":{"line":157,"column":45}},"type":"binary-expr","locations":[{"start":{"line":157,"column":8},"end":{"line":157,"column":26}},{"start":{"line":157,"column":30},"end":{"line":157,"column":45}}],"line":157},"20":{"loc":{"start":{"line":165,"column":27},"end":{"line":165,"column":46}},"type":"binary-expr","locations":[{"start":{"line":165,"column":27},"end":{"line":165,"column":38}},{"start":{"line":165,"column":42},"end":{"line":165,"column":46}}],"line":165},"21":{"loc":{"start":{"line":165,"column":61},"end":{"line":165,"column":78}},"type":"binary-expr","locations":[{"start":{"line":165,"column":61},"end":{"line":165,"column":70}},{"start":{"line":165,"column":74},"end":{"line":165,"column":78}}],"line":165}},"s":{"0":1,"1":1,"2":0,"3":0,"4":0,"5":0,"6":1,"7":2,"8":2,"9":2,"10":1,"11":1,"12":1,"13":1,"14":0,"15":0,"16":0,"17":1,"18":0,"19":0,"20":0,"21":0,"22":0,"23":0,"24":0,"25":1,"26":2,"27":2,"28":2,"29":1,"30":1,"31":1,"32":0,"33":1,"34":0,"35":0,"36":0,"37":0,"38":0,"39":0,"40":0,"41":0,"42":0,"43":0,"44":0,"45":1,"46":6,"47":6,"48":6,"49":0,"50":6,"51":6,"52":1,"53":5,"54":5,"55":2,"56":3,"57":3,"58":0},"f":{"0":0,"1":2,"2":0,"3":2,"4":0,"5":6},"b":{"0":[1,1],"1":[1,0],"2":[0,0],"3":[1,1],"4":[1,0],"5":[1,1],"6":[1,1],"7":[1,1],"8":[0,0],"9":[0,0],"10":[0,0],"11":[0,0],"12":[0,0],"13":[0,0],"14":[0,0],"15":[0,6],"16":[1,5],"17":[6,5,5],"18":[2,3],"19":[5,4],"20":[3,3],"21":[3,3]},"inputSourceMap":null,"_coverageSchema":"1a1c01bbd47fc00a2c39e90264f33305004495a9","hash":"37e7080b4697c9ed38bbd82dcb970b048cadbf3d"}
}
