TN:
SF:src/app.js
FN:12,(anonymous_0)
FN:18,(anonymous_1)
FN:27,(anonymous_2)
FNF:3
FNH:2
FNDA:17,(anonymous_0)
FNDA:1,(anonymous_1)
FNDA:0,(anonymous_2)
DA:7,1
DA:10,1
DA:11,1
DA:12,1
DA:13,17
DA:14,17
DA:18,1
DA:19,1
DA:22,1
DA:23,1
DA:27,1
DA:28,0
DA:29,0
DA:30,0
LF:14
LH:11
BRDA:29,0,0,0
BRDA:29,0,1,0
BRDA:29,0,2,0
BRDA:30,1,0,0
BRDA:30,1,1,0
BRF:5
BRH:0
end_of_record
TN:
SF:src/config.js
FNF:0
FNH:0
DA:2,0
LF:1
LH:0
BRDA:3,0,0,0
BRDA:3,0,1,0
BRDA:4,1,0,0
BRDA:4,1,1,0
BRDA:7,2,0,0
BRDA:7,2,1,0
BRDA:8,3,0,0
BRDA:8,3,1,0
BRDA:9,4,0,0
BRDA:9,4,1,0
BRDA:10,5,0,0
BRDA:10,5,1,0
BRDA:11,6,0,0
BRDA:11,6,1,0
BRF:14
BRH:0
end_of_record
TN:
SF:src/db.js
FN:15,(anonymous_0)
FNF:1
FNH:0
FNDA:0,(anonymous_0)
DA:5,0
DA:15,0
DA:16,0
LF:3
LH:0
BRF:0
BRH:0
end_of_record
TN:
SF:src/routes/menu.js
FN:11,(anonymous_0)
FN:37,(anonymous_1)
FN:88,(anonymous_2)
FNF:3
FNH:3
FNDA:3,(anonymous_0)
FNDA:1,(anonymous_1)
FNDA:2,(anonymous_2)
DA:6,1
DA:11,1
DA:12,3
DA:13,3
DA:14,3
DA:15,1
DA:18,2
DA:24,2
DA:25,1
DA:28,1
DA:30,0
DA:37,1
DA:38,1
DA:39,1
DA:40,1
DA:41,0
DA:44,1
DA:46,1
DA:50,1
DA:51,0
DA:55,1
DA:56,1
DA:57,1
DA:60,0
DA:79,0
DA:81,0
DA:88,1
DA:89,2
DA:90,2
DA:91,2
DA:92,0
DA:95,2
DA:100,2
DA:101,1
DA:104,1
DA:106,0
LF:36
LH:28
BRDA:14,0,0,1
BRDA:14,0,1,2
BRDA:24,1,0,1
BRDA:24,1,1,1
BRDA:40,2,0,0
BRDA:40,2,1,1
BRDA:50,3,0,0
BRDA:50,3,1,1
BRDA:55,4,0,1
BRDA:55,4,1,0
BRDA:56,5,0,1
BRDA:56,5,1,0
BRDA:56,6,0,1
BRDA:56,6,1,1
BRDA:56,6,2,1
BRDA:70,7,0,0
BRDA:70,7,1,0
BRDA:71,8,0,0
BRDA:71,8,1,0
BRDA:73,9,0,0
BRDA:73,9,1,0
BRDA:74,10,0,0
BRDA:74,10,1,0
BRDA:91,11,0,0
BRDA:91,11,1,2
BRDA:100,12,0,1
BRDA:100,12,1,1
BRF:27
BRH:14
end_of_record
TN:
SF:src/routes/restaurants.js
FN:9,(anonymous_0)
FN:23,(anonymous_1)
FN:58,(anonymous_2)
FN:82,(anonymous_3)
FN:106,(anonymous_4)
FN:143,(anonymous_5)
FNF:6
FNH:3
FNDA:0,(anonymous_0)
FNDA:2,(anonymous_1)
FNDA:0,(anonymous_2)
FNDA:2,(anonymous_3)
FNDA:0,(anonymous_4)
FNDA:6,(anonymous_5)
DA:5,1
DA:9,1
DA:10,0
DA:11,0
DA:14,0
DA:16,0
DA:23,1
DA:24,2
DA:25,2
DA:26,2
DA:27,1
DA:30,1
DA:35,1
DA:36,1
DA:39,0
DA:47,0
DA:52,0
DA:58,1
DA:59,0
DA:60,0
DA:61,0
DA:62,0
DA:65,0
DA:73,0
DA:75,0
DA:82,1
DA:83,2
DA:84,2
DA:86,2
DA:87,1
DA:90,1
DA:97,1
DA:99,0
DA:106,1
DA:107,0
DA:108,0
DA:109,0
DA:110,0
DA:113,0
DA:115,0
DA:119,0
DA:120,0
DA:123,0
DA:135,0
DA:137,0
DA:143,1
DA:144,6
DA:145,6
DA:146,6
DA:147,0
DA:150,6
DA:152,6
DA:153,1
DA:156,5
DA:157,5
DA:158,2
DA:161,3
DA:168,3
DA:170,0
LF:59
LH:31
BRDA:26,0,0,1
BRDA:26,0,1,1
BRDA:35,1,0,1
BRDA:35,1,1,0
BRDA:61,2,0,0
BRDA:61,2,1,0
BRDA:86,3,0,1
BRDA:86,3,1,1
BRDA:94,4,0,1
BRDA:94,4,1,0
BRDA:94,5,0,1
BRDA:94,5,1,1
BRDA:94,6,0,1
BRDA:94,6,1,1
BRDA:94,7,0,1
BRDA:94,7,1,1
BRDA:109,8,0,0
BRDA:109,8,1,0
BRDA:119,9,0,0
BRDA:119,9,1,0
BRDA:132,10,0,0
BRDA:132,10,1,0
BRDA:132,11,0,0
BRDA:132,11,1,0
BRDA:132,12,0,0
BRDA:132,12,1,0
BRDA:132,13,0,0
BRDA:132,13,1,0
BRDA:132,14,0,0
BRDA:132,14,1,0
BRDA:146,15,0,0
BRDA:146,15,1,6
BRDA:152,16,0,1
BRDA:152,16,1,5
BRDA:152,17,0,6
BRDA:152,17,1,5
BRDA:152,17,2,5
BRDA:157,18,0,2
BRDA:157,18,1,3
BRDA:157,19,0,5
BRDA:157,19,1,4
BRDA:165,20,0,3
BRDA:165,20,1,3
BRDA:165,21,0,3
BRDA:165,21,1,3
BRF:45
BRH:26
end_of_record
